The target system is: Generic -  - 
The host system is: Linux - 6.2.0-37-generic - x86_64
Compiling the C compiler identification source file "CMakeCCompilerId.c" succeeded.
Compiler: /home/prlx/.espressif/tools/riscv32-esp-elf/esp-13.2.0_20230928/riscv32-esp-elf/bin/riscv32-esp-elf-gcc 
Build flags: -march=rv32imc_zicsr_zifencei;
Id flags:  

The output was:
0
/home/prlx/.espressif/tools/riscv32-esp-elf/esp-13.2.0_20230928/riscv32-esp-elf/bin/../lib/gcc/riscv32-esp-elf/13.2.0/../../../../riscv32-esp-elf/bin/ld: /home/prlx/.espressif/tools/riscv32-esp-elf/esp-13.2.0_20230928/riscv32-esp-elf/bin/../lib/gcc/riscv32-esp-elf/13.2.0/../../../../riscv32-esp-elf/lib/rv32imc_zicsr_zifencei/ilp32/libc.a(libc_a-closer.o): in function `_close_r':
/builds/idf/crosstool-NG/.build/riscv32-esp-elf/src/newlib/newlib/libc/reent/closer.c:47:(.text+0x14): warning: _close is not implemented and will always fail
/home/prlx/.espressif/tools/riscv32-esp-elf/esp-13.2.0_20230928/riscv32-esp-elf/bin/../lib/gcc/riscv32-esp-elf/13.2.0/../../../../riscv32-esp-elf/bin/ld: /home/prlx/.espressif/tools/riscv32-esp-elf/esp-13.2.0_20230928/riscv32-esp-elf/bin/../lib/gcc/riscv32-esp-elf/13.2.0/../../../../riscv32-esp-elf/lib/rv32imc_zicsr_zifencei/ilp32/libc.a(libc_a-lseekr.o): in function `_lseek_r':
/builds/idf/crosstool-NG/.build/riscv32-esp-elf/src/newlib/newlib/libc/reent/lseekr.c:49:(.text+0x18): warning: _lseek is not implemented and will always fail
/home/prlx/.espressif/tools/riscv32-esp-elf/esp-13.2.0_20230928/riscv32-esp-elf/bin/../lib/gcc/riscv32-esp-elf/13.2.0/../../../../riscv32-esp-elf/bin/ld: /home/prlx/.espressif/tools/riscv32-esp-elf/esp-13.2.0_20230928/riscv32-esp-elf/bin/../lib/gcc/riscv32-esp-elf/13.2.0/../../../../riscv32-esp-elf/lib/rv32imc_zicsr_zifencei/ilp32/libc.a(libc_a-readr.o): in function `_read_r':
/builds/idf/crosstool-NG/.build/riscv32-esp-elf/src/newlib/newlib/libc/reent/readr.c:49:(.text+0x18): warning: _read is not implemented and will always fail
/home/prlx/.espressif/tools/riscv32-esp-elf/esp-13.2.0_20230928/riscv32-esp-elf/bin/../lib/gcc/riscv32-esp-elf/13.2.0/../../../../riscv32-esp-elf/bin/ld: /home/prlx/.espressif/tools/riscv32-esp-elf/esp-13.2.0_20230928/riscv32-esp-elf/bin/../lib/gcc/riscv32-esp-elf/13.2.0/../../../../riscv32-esp-elf/lib/rv32imc_zicsr_zifencei/ilp32/libc.a(libc_a-writer.o): in function `_write_r':
/builds/idf/crosstool-NG/.build/riscv32-esp-elf/src/newlib/newlib/libc/reent/writer.c:49:(.text+0x18): warning: _write is not implemented and will always fail
/home/prlx/.espressif/tools/riscv32-esp-elf/esp-13.2.0_20230928/riscv32-esp-elf/bin/../lib/gcc/riscv32-esp-elf/13.2.0/../../../../riscv32-esp-elf/bin/ld: /home/prlx/.espressif/tools/riscv32-esp-elf/esp-13.2.0_20230928/riscv32-esp-elf/bin/../lib/gcc/riscv32-esp-elf/13.2.0/../../../../riscv32-esp-elf/lib/rv32imc_zicsr_zifencei/ilp32/libc.a(libc_a-fclose.o): in function `fclose':
/builds/idf/crosstool-NG/.build/riscv32-esp-elf/src/newlib/newlib/libc/stdio/fclose.c:125:(.text+0x118): warning: __getreent is not implemented and will always fail
/home/prlx/.espressif/tools/riscv32-esp-elf/esp-13.2.0_20230928/riscv32-esp-elf/bin/../lib/gcc/riscv32-esp-elf/13.2.0/../../../../riscv32-esp-elf/bin/ld: /home/prlx/.espressif/tools/riscv32-esp-elf/esp-13.2.0_20230928/riscv32-esp-elf/bin/../lib/gcc/riscv32-esp-elf/13.2.0/../../../../riscv32-esp-elf/lib/rv32imc_zicsr_zifencei/ilp32/libc.a(libc_a-findfp.o): in function `__sfp':
/builds/idf/crosstool-NG/.build/riscv32-esp-elf/src/newlib/newlib/libc/stdio/findfp.c:180:(.text+0x1ee): warning: pthread_setcancelstate is not implemented and will always fail


Compilation of the C compiler identification source "CMakeCCompilerId.c" produced "a.out"

The C compiler identification is GNU, found in "/home/prlx/test/esp-idf/projects/blink-test/build/CMakeFiles/3.22.1/CompilerIdC/a.out"

Compiling the CXX compiler identification source file "CMakeCXXCompilerId.cpp" succeeded.
Compiler: /home/prlx/.espressif/tools/riscv32-esp-elf/esp-13.2.0_20230928/riscv32-esp-elf/bin/riscv32-esp-elf-g++ 
Build flags: -march=rv32imc_zicsr_zifencei;
Id flags:  

The output was:
0
/home/prlx/.espressif/tools/riscv32-esp-elf/esp-13.2.0_20230928/riscv32-esp-elf/bin/../lib/gcc/riscv32-esp-elf/13.2.0/../../../../riscv32-esp-elf/bin/ld: /home/prlx/.espressif/tools/riscv32-esp-elf/esp-13.2.0_20230928/riscv32-esp-elf/bin/../lib/gcc/riscv32-esp-elf/13.2.0/../../../../riscv32-esp-elf/lib/rv32imc_zicsr_zifencei/ilp32/libc.a(libc_a-closer.o): in function `_close_r':
/builds/idf/crosstool-NG/.build/riscv32-esp-elf/src/newlib/newlib/libc/reent/closer.c:47:(.text+0x14): warning: _close is not implemented and will always fail
/home/prlx/.espressif/tools/riscv32-esp-elf/esp-13.2.0_20230928/riscv32-esp-elf/bin/../lib/gcc/riscv32-esp-elf/13.2.0/../../../../riscv32-esp-elf/bin/ld: /home/prlx/.espressif/tools/riscv32-esp-elf/esp-13.2.0_20230928/riscv32-esp-elf/bin/../lib/gcc/riscv32-esp-elf/13.2.0/../../../../riscv32-esp-elf/lib/rv32imc_zicsr_zifencei/ilp32/libc.a(libc_a-lseekr.o): in function `_lseek_r':
/builds/idf/crosstool-NG/.build/riscv32-esp-elf/src/newlib/newlib/libc/reent/lseekr.c:49:(.text+0x18): warning: _lseek is not implemented and will always fail
/home/prlx/.espressif/tools/riscv32-esp-elf/esp-13.2.0_20230928/riscv32-esp-elf/bin/../lib/gcc/riscv32-esp-elf/13.2.0/../../../../riscv32-esp-elf/bin/ld: /home/prlx/.espressif/tools/riscv32-esp-elf/esp-13.2.0_20230928/riscv32-esp-elf/bin/../lib/gcc/riscv32-esp-elf/13.2.0/../../../../riscv32-esp-elf/lib/rv32imc_zicsr_zifencei/ilp32/libc.a(libc_a-readr.o): in function `_read_r':
/builds/idf/crosstool-NG/.build/riscv32-esp-elf/src/newlib/newlib/libc/reent/readr.c:49:(.text+0x18): warning: _read is not implemented and will always fail
/home/prlx/.espressif/tools/riscv32-esp-elf/esp-13.2.0_20230928/riscv32-esp-elf/bin/../lib/gcc/riscv32-esp-elf/13.2.0/../../../../riscv32-esp-elf/bin/ld: /home/prlx/.espressif/tools/riscv32-esp-elf/esp-13.2.0_20230928/riscv32-esp-elf/bin/../lib/gcc/riscv32-esp-elf/13.2.0/../../../../riscv32-esp-elf/lib/rv32imc_zicsr_zifencei/ilp32/libc.a(libc_a-writer.o): in function `_write_r':
/builds/idf/crosstool-NG/.build/riscv32-esp-elf/src/newlib/newlib/libc/reent/writer.c:49:(.text+0x18): warning: _write is not implemented and will always fail
/home/prlx/.espressif/tools/riscv32-esp-elf/esp-13.2.0_20230928/riscv32-esp-elf/bin/../lib/gcc/riscv32-esp-elf/13.2.0/../../../../riscv32-esp-elf/bin/ld: /home/prlx/.espressif/tools/riscv32-esp-elf/esp-13.2.0_20230928/riscv32-esp-elf/bin/../lib/gcc/riscv32-esp-elf/13.2.0/../../../../riscv32-esp-elf/lib/rv32imc_zicsr_zifencei/ilp32/libc.a(libc_a-fclose.o): in function `fclose':
/builds/idf/crosstool-NG/.build/riscv32-esp-elf/src/newlib/newlib/libc/stdio/fclose.c:125:(.text+0x118): warning: __getreent is not implemented and will always fail
/home/prlx/.espressif/tools/riscv32-esp-elf/esp-13.2.0_20230928/riscv32-esp-elf/bin/../lib/gcc/riscv32-esp-elf/13.2.0/../../../../riscv32-esp-elf/bin/ld: /home/prlx/.espressif/tools/riscv32-esp-elf/esp-13.2.0_20230928/riscv32-esp-elf/bin/../lib/gcc/riscv32-esp-elf/13.2.0/../../../../riscv32-esp-elf/lib/rv32imc_zicsr_zifencei/ilp32/libc.a(libc_a-findfp.o): in function `__sfp':
/builds/idf/crosstool-NG/.build/riscv32-esp-elf/src/newlib/newlib/libc/stdio/findfp.c:180:(.text+0x1ee): warning: pthread_setcancelstate is not implemented and will always fail


Compilation of the CXX compiler identification source "CMakeCXXCompilerId.cpp" produced "a.out"

The CXX compiler identification is GNU, found in "/home/prlx/test/esp-idf/projects/blink-test/build/CMakeFiles/3.22.1/CompilerIdCXX/a.out"

Checking whether the ASM compiler is GNU using "--version" matched "(GNU assembler)|(GCC)|(Free Software Foundation)":
riscv32-esp-elf-gcc (crosstool-NG esp-13.2.0_20230928) 13.2.0
Copyright (C) 2023 Free Software Foundation, Inc.
This is free software; see the source for copying conditions.  There is NO
warranty; not even for MERCHANTABILITY or FITNESS FOR A PARTICULAR PURPOSE.

Detecting C compiler ABI info compiled with the following output:
Change Dir: /home/prlx/test/esp-idf/projects/blink-test/build/CMakeFiles/CMakeTmp

Run Build Command(s):/usr/bin/gmake -f Makefile cmTC_12055/fast && /usr/bin/gmake  -f CMakeFiles/cmTC_12055.dir/build.make CMakeFiles/cmTC_12055.dir/build
gmake[1]: Entering directory '/home/prlx/test/esp-idf/projects/blink-test/build/CMakeFiles/CMakeTmp'
Building C object CMakeFiles/cmTC_12055.dir/CMakeCCompilerABI.c.obj
/home/prlx/.espressif/tools/riscv32-esp-elf/esp-13.2.0_20230928/riscv32-esp-elf/bin/riscv32-esp-elf-gcc   -march=rv32imc_zicsr_zifencei     -v -o CMakeFiles/cmTC_12055.dir/CMakeCCompilerABI.c.obj -c /usr/share/cmake-3.22/Modules/CMakeCCompilerABI.c
Using built-in specs.
COLLECT_GCC=/home/prlx/.espressif/tools/riscv32-esp-elf/esp-13.2.0_20230928/riscv32-esp-elf/bin/riscv32-esp-elf-gcc
Target: riscv32-esp-elf
Configured with: /builds/idf/crosstool-NG/.build/riscv32-esp-elf/src/gcc/configure --build=x86_64-build_pc-linux-gnu --host=x86_64-build_pc-linux-gnu --target=riscv32-esp-elf --prefix=/builds/idf/crosstool-NG/builds/riscv32-esp-elf --exec_prefix=/builds/idf/crosstool-NG/builds/riscv32-esp-elf --with-local-prefix=/builds/idf/crosstool-NG/builds/riscv32-esp-elf/riscv32-esp-elf --with-headers=/builds/idf/crosstool-NG/builds/riscv32-esp-elf/riscv32-esp-elf/include --with-newlib --enable-threads=no --disable-shared --with-arch=rv32gc --with-abi=ilp32 --with-pkgversion='crosstool-NG esp-13.2.0_20230928' --disable-__cxa_atexit --enable-cxx-flags=-ffunction-sections --disable-libgomp --disable-libmudflap --disable-libmpx --disable-libssp --disable-libquadmath --disable-libquadmath-support --disable-libstdcxx-verbose --with-gmp=/builds/idf/crosstool-NG/.build/riscv32-esp-elf/buildtools --with-mpfr=/builds/idf/crosstool-NG/.build/riscv32-esp-elf/buildtools --with-mpc=/builds/idf/crosstool-NG/.build/riscv32-esp-elf/buildtools --with-isl=/builds/idf/crosstool-NG/.build/riscv32-esp-elf/buildtools --enable-lto --enable-target-optspace --without-long-double-128 --disable-nls --enable-multiarch --enable-languages=c,c++ --disable-libstdcxx-verbose --enable-threads=posix --enable-gcov-custom-rtio --enable-libstdcxx-time=yes
Thread model: posix
Supported LTO compression algorithms: zlib
gcc version 13.2.0 (crosstool-NG esp-13.2.0_20230928) 
COLLECT_GCC_OPTIONS='-march=rv32imc_zicsr_zifencei' '-v' '-o' 'CMakeFiles/cmTC_12055.dir/CMakeCCompilerABI.c.obj' '-c' '-mabi=ilp32' '-misa-spec=20191213' '-march=rv32imc_zicsr_zifencei' '-dumpdir' 'CMakeFiles/cmTC_12055.dir/'
 /home/prlx/.espressif/tools/riscv32-esp-elf/esp-13.2.0_20230928/riscv32-esp-elf/bin/../libexec/gcc/riscv32-esp-elf/13.2.0/cc1 -quiet -v -imultilib rv32imc_zicsr_zifencei/ilp32 -iprefix /home/prlx/.espressif/tools/riscv32-esp-elf/esp-13.2.0_20230928/riscv32-esp-elf/bin/../lib/gcc/riscv32-esp-elf/13.2.0/ /usr/share/cmake-3.22/Modules/CMakeCCompilerABI.c -quiet -dumpdir CMakeFiles/cmTC_12055.dir/ -dumpbase CMakeCCompilerABI.c.c -dumpbase-ext .c -march=rv32imc_zicsr_zifencei -mabi=ilp32 -misa-spec=20191213 -march=rv32imc_zicsr_zifencei -version -o /tmp/ccUGB1Je.s
GNU C17 (crosstool-NG esp-13.2.0_20230928) version 13.2.0 (riscv32-esp-elf)
	compiled by GNU C version 4.9.2, GMP version 6.2.1, MPFR version 4.1.0, MPC version 1.2.1, isl version isl-0.24-GMP

GGC heuristics: --param ggc-min-expand=100 --param ggc-min-heapsize=131072
ignoring duplicate directory "/home/prlx/.espressif/tools/riscv32-esp-elf/esp-13.2.0_20230928/riscv32-esp-elf/bin/../lib/gcc/../../lib/gcc/riscv32-esp-elf/13.2.0/include"
ignoring duplicate directory "/home/prlx/.espressif/tools/riscv32-esp-elf/esp-13.2.0_20230928/riscv32-esp-elf/bin/../lib/gcc/../../lib/gcc/riscv32-esp-elf/13.2.0/include-fixed"
ignoring duplicate directory "/home/prlx/.espressif/tools/riscv32-esp-elf/esp-13.2.0_20230928/riscv32-esp-elf/bin/../lib/gcc/../../lib/gcc/riscv32-esp-elf/13.2.0/../../../../riscv32-esp-elf/sys-include"
ignoring duplicate directory "/home/prlx/.espressif/tools/riscv32-esp-elf/esp-13.2.0_20230928/riscv32-esp-elf/bin/../lib/gcc/../../lib/gcc/riscv32-esp-elf/13.2.0/../../../../riscv32-esp-elf/include"
#include "..." search starts here:
#include <...> search starts here:
 /home/prlx/.espressif/tools/riscv32-esp-elf/esp-13.2.0_20230928/riscv32-esp-elf/bin/../lib/gcc/riscv32-esp-elf/13.2.0/include
 /home/prlx/.espressif/tools/riscv32-esp-elf/esp-13.2.0_20230928/riscv32-esp-elf/bin/../lib/gcc/riscv32-esp-elf/13.2.0/include-fixed
 /home/prlx/.espressif/tools/riscv32-esp-elf/esp-13.2.0_20230928/riscv32-esp-elf/bin/../lib/gcc/riscv32-esp-elf/13.2.0/../../../../riscv32-esp-elf/sys-include
 /home/prlx/.espressif/tools/riscv32-esp-elf/esp-13.2.0_20230928/riscv32-esp-elf/bin/../lib/gcc/riscv32-esp-elf/13.2.0/../../../../riscv32-esp-elf/include
End of search list.
Compiler executable checksum: 77495f34f76e3c762dece7c39ed79778
COLLECT_GCC_OPTIONS='-march=rv32imc_zicsr_zifencei' '-v' '-o' 'CMakeFiles/cmTC_12055.dir/CMakeCCompilerABI.c.obj' '-c' '-mabi=ilp32' '-misa-spec=20191213' '-march=rv32imc_zicsr_zifencei' '-dumpdir' 'CMakeFiles/cmTC_12055.dir/'
 /home/prlx/.espressif/tools/riscv32-esp-elf/esp-13.2.0_20230928/riscv32-esp-elf/bin/../lib/gcc/riscv32-esp-elf/13.2.0/../../../../riscv32-esp-elf/bin/as -v --traditional-format -march=rv32imc_zicsr_zifencei -march=rv32imc_zicsr_zifencei -mabi=ilp32 -misa-spec=20191213 -o CMakeFiles/cmTC_12055.dir/CMakeCCompilerABI.c.obj /tmp/ccUGB1Je.s
GNU assembler version 2.41 (riscv32-esp-elf) using BFD version (crosstool-NG esp-13.2.0_20230928) 2.41
COMPILER_PATH=/home/prlx/.espressif/tools/riscv32-esp-elf/esp-13.2.0_20230928/riscv32-esp-elf/bin/../libexec/gcc/riscv32-esp-elf/13.2.0/:/home/prlx/.espressif/tools/riscv32-esp-elf/esp-13.2.0_20230928/riscv32-esp-elf/bin/../libexec/gcc/:/home/prlx/.espressif/tools/riscv32-esp-elf/esp-13.2.0_20230928/riscv32-esp-elf/bin/../lib/gcc/riscv32-esp-elf/13.2.0/../../../../riscv32-esp-elf/bin/
LIBRARY_PATH=/home/prlx/.espressif/tools/riscv32-esp-elf/esp-13.2.0_20230928/riscv32-esp-elf/bin/../lib/gcc/riscv32-esp-elf/13.2.0/rv32imc_zicsr_zifencei/ilp32/:/home/prlx/.espressif/tools/riscv32-esp-elf/esp-13.2.0_20230928/riscv32-esp-elf/bin/../lib/gcc/riscv32-esp-elf/13.2.0/../../../../riscv32-esp-elf/lib/rv32imc_zicsr_zifencei/ilp32/:/home/prlx/.espressif/tools/riscv32-esp-elf/esp-13.2.0_20230928/riscv32-esp-elf/bin/../lib/gcc/riscv32-esp-elf/13.2.0/:/home/prlx/.espressif/tools/riscv32-esp-elf/esp-13.2.0_20230928/riscv32-esp-elf/bin/../lib/gcc/:/home/prlx/.espressif/tools/riscv32-esp-elf/esp-13.2.0_20230928/riscv32-esp-elf/bin/../lib/gcc/riscv32-esp-elf/13.2.0/../../../../riscv32-esp-elf/lib/
COLLECT_GCC_OPTIONS='-march=rv32imc_zicsr_zifencei' '-v' '-o' 'CMakeFiles/cmTC_12055.dir/CMakeCCompilerABI.c.obj' '-c' '-mabi=ilp32' '-misa-spec=20191213' '-march=rv32imc_zicsr_zifencei' '-dumpdir' 'CMakeFiles/cmTC_12055.dir/CMakeCCompilerABI.c.'
Linking C executable cmTC_12055
/usr/bin/cmake -E cmake_link_script CMakeFiles/cmTC_12055.dir/link.txt --verbose=1
/home/prlx/.espressif/tools/riscv32-esp-elf/esp-13.2.0_20230928/riscv32-esp-elf/bin/riscv32-esp-elf-gcc -march=rv32imc_zicsr_zifencei   -nostartfiles -march=rv32imc_zicsr_zifencei --specs=nosys.specs  -v CMakeFiles/cmTC_12055.dir/CMakeCCompilerABI.c.obj -o cmTC_12055 
Using built-in specs.
Reading specs from /home/prlx/.espressif/tools/riscv32-esp-elf/esp-13.2.0_20230928/riscv32-esp-elf/bin/../lib/gcc/riscv32-esp-elf/13.2.0/../../../../riscv32-esp-elf/lib/nosys.specs
rename spec link_gcc_c_sequence to nosys_link_gcc_c_sequence
COLLECT_GCC=/home/prlx/.espressif/tools/riscv32-esp-elf/esp-13.2.0_20230928/riscv32-esp-elf/bin/riscv32-esp-elf-gcc
COLLECT_LTO_WRAPPER=/home/prlx/.espressif/tools/riscv32-esp-elf/esp-13.2.0_20230928/riscv32-esp-elf/bin/../libexec/gcc/riscv32-esp-elf/13.2.0/lto-wrapper
Target: riscv32-esp-elf
Configured with: /builds/idf/crosstool-NG/.build/riscv32-esp-elf/src/gcc/configure --build=x86_64-build_pc-linux-gnu --host=x86_64-build_pc-linux-gnu --target=riscv32-esp-elf --prefix=/builds/idf/crosstool-NG/builds/riscv32-esp-elf --exec_prefix=/builds/idf/crosstool-NG/builds/riscv32-esp-elf --with-local-prefix=/builds/idf/crosstool-NG/builds/riscv32-esp-elf/riscv32-esp-elf --with-headers=/builds/idf/crosstool-NG/builds/riscv32-esp-elf/riscv32-esp-elf/include --with-newlib --enable-threads=no --disable-shared --with-arch=rv32gc --with-abi=ilp32 --with-pkgversion='crosstool-NG esp-13.2.0_20230928' --disable-__cxa_atexit --enable-cxx-flags=-ffunction-sections --disable-libgomp --disable-libmudflap --disable-libmpx --disable-libssp --disable-libquadmath --disable-libquadmath-support --disable-libstdcxx-verbose --with-gmp=/builds/idf/crosstool-NG/.build/riscv32-esp-elf/buildtools --with-mpfr=/builds/idf/crosstool-NG/.build/riscv32-esp-elf/buildtools --with-mpc=/builds/idf/crosstool-NG/.build/riscv32-esp-elf/buildtools --with-isl=/builds/idf/crosstool-NG/.build/riscv32-esp-elf/buildtools --enable-lto --enable-target-optspace --without-long-double-128 --disable-nls --enable-multiarch --enable-languages=c,c++ --disable-libstdcxx-verbose --enable-threads=posix --enable-gcov-custom-rtio --enable-libstdcxx-time=yes
Thread model: posix
Supported LTO compression algorithms: zlib
gcc version 13.2.0 (crosstool-NG esp-13.2.0_20230928) 
COMPILER_PATH=/home/prlx/.espressif/tools/riscv32-esp-elf/esp-13.2.0_20230928/riscv32-esp-elf/bin/../libexec/gcc/riscv32-esp-elf/13.2.0/:/home/prlx/.espressif/tools/riscv32-esp-elf/esp-13.2.0_20230928/riscv32-esp-elf/bin/../libexec/gcc/:/home/prlx/.espressif/tools/riscv32-esp-elf/esp-13.2.0_20230928/riscv32-esp-elf/bin/../lib/gcc/riscv32-esp-elf/13.2.0/../../../../riscv32-esp-elf/bin/
LIBRARY_PATH=/home/prlx/.espressif/tools/riscv32-esp-elf/esp-13.2.0_20230928/riscv32-esp-elf/bin/../lib/gcc/riscv32-esp-elf/13.2.0/rv32imc_zicsr_zifencei/ilp32/:/home/prlx/.espressif/tools/riscv32-esp-elf/esp-13.2.0_20230928/riscv32-esp-elf/bin/../lib/gcc/riscv32-esp-elf/13.2.0/../../../../riscv32-esp-elf/lib/rv32imc_zicsr_zifencei/ilp32/:/home/prlx/.espressif/tools/riscv32-esp-elf/esp-13.2.0_20230928/riscv32-esp-elf/bin/../lib/gcc/riscv32-esp-elf/13.2.0/:/home/prlx/.espressif/tools/riscv32-esp-elf/esp-13.2.0_20230928/riscv32-esp-elf/bin/../lib/gcc/:/home/prlx/.espressif/tools/riscv32-esp-elf/esp-13.2.0_20230928/riscv32-esp-elf/bin/../lib/gcc/riscv32-esp-elf/13.2.0/../../../../riscv32-esp-elf/lib/
COLLECT_GCC_OPTIONS='-nostartfiles' '-march=rv32imc_zicsr_zifencei' '-specs=nosys.specs' '-v' '-o' 'cmTC_12055' '-mabi=ilp32' '-misa-spec=20191213' '-march=rv32imc_zicsr_zifencei' '-dumpdir' 'cmTC_12055.'
 /home/prlx/.espressif/tools/riscv32-esp-elf/esp-13.2.0_20230928/riscv32-esp-elf/bin/../libexec/gcc/riscv32-esp-elf/13.2.0/collect2 -plugin /home/prlx/.espressif/tools/riscv32-esp-elf/esp-13.2.0_20230928/riscv32-esp-elf/bin/../libexec/gcc/riscv32-esp-elf/13.2.0/liblto_plugin.so -plugin-opt=/home/prlx/.espressif/tools/riscv32-esp-elf/esp-13.2.0_20230928/riscv32-esp-elf/bin/../libexec/gcc/riscv32-esp-elf/13.2.0/lto-wrapper -plugin-opt=-fresolution=/tmp/cccl71pC.res -plugin-opt=-pass-through=-lgcc -plugin-opt=-pass-through=-lc -plugin-opt=-pass-through=-lnosys -plugin-opt=-pass-through=-lc -plugin-opt=-pass-through=-lgcc -plugin-opt=-pass-through=-lgcc -plugin-opt=-pass-through=-lc -plugin-opt=-pass-through=-lnosys -melf32lriscv -o cmTC_12055 -L/home/prlx/.espressif/tools/riscv32-esp-elf/esp-13.2.0_20230928/riscv32-esp-elf/bin/../lib/gcc/riscv32-esp-elf/13.2.0/rv32imc_zicsr_zifencei/ilp32 -L/home/prlx/.espressif/tools/riscv32-esp-elf/esp-13.2.0_20230928/riscv32-esp-elf/bin/../lib/gcc/riscv32-esp-elf/13.2.0/../../../../riscv32-esp-elf/lib/rv32imc_zicsr_zifencei/ilp32 -L/home/prlx/.espressif/tools/riscv32-esp-elf/esp-13.2.0_20230928/riscv32-esp-elf/bin/../lib/gcc/riscv32-esp-elf/13.2.0 -L/home/prlx/.espressif/tools/riscv32-esp-elf/esp-13.2.0_20230928/riscv32-esp-elf/bin/../lib/gcc -L/home/prlx/.espressif/tools/riscv32-esp-elf/esp-13.2.0_20230928/riscv32-esp-elf/bin/../lib/gcc/riscv32-esp-elf/13.2.0/../../../../riscv32-esp-elf/lib CMakeFiles/cmTC_12055.dir/CMakeCCompilerABI.c.obj -lgcc -lc -lnosys -lc -lgcc --start-group -lgcc -lc -lnosys --end-group
/home/prlx/.espressif/tools/riscv32-esp-elf/esp-13.2.0_20230928/riscv32-esp-elf/bin/../lib/gcc/riscv32-esp-elf/13.2.0/../../../../riscv32-esp-elf/bin/ld: warning: cannot find entry symbol _start; defaulting to 00010074
COLLECT_GCC_OPTIONS='-nostartfiles' '-march=rv32imc_zicsr_zifencei' '-specs=nosys.specs' '-v' '-o' 'cmTC_12055' '-mabi=ilp32' '-misa-spec=20191213' '-march=rv32imc_zicsr_zifencei' '-dumpdir' 'cmTC_12055.'
gmake[1]: Leaving directory '/home/prlx/test/esp-idf/projects/blink-test/build/CMakeFiles/CMakeTmp'



Parsed C implicit include dir info from above output: rv=done
  found start of include info
  found start of implicit include info
    add: [/home/prlx/.espressif/tools/riscv32-esp-elf/esp-13.2.0_20230928/riscv32-esp-elf/bin/../lib/gcc/riscv32-esp-elf/13.2.0/include]
    add: [/home/prlx/.espressif/tools/riscv32-esp-elf/esp-13.2.0_20230928/riscv32-esp-elf/bin/../lib/gcc/riscv32-esp-elf/13.2.0/include-fixed]
    add: [/home/prlx/.espressif/tools/riscv32-esp-elf/esp-13.2.0_20230928/riscv32-esp-elf/bin/../lib/gcc/riscv32-esp-elf/13.2.0/../../../../riscv32-esp-elf/sys-include]
    add: [/home/prlx/.espressif/tools/riscv32-esp-elf/esp-13.2.0_20230928/riscv32-esp-elf/bin/../lib/gcc/riscv32-esp-elf/13.2.0/../../../../riscv32-esp-elf/include]
  end of search list found
  collapse include dir [/home/prlx/.espressif/tools/riscv32-esp-elf/esp-13.2.0_20230928/riscv32-esp-elf/bin/../lib/gcc/riscv32-esp-elf/13.2.0/include] ==> [/home/prlx/.espressif/tools/riscv32-esp-elf/esp-13.2.0_20230928/riscv32-esp-elf/lib/gcc/riscv32-esp-elf/13.2.0/include]
  collapse include dir [/home/prlx/.espressif/tools/riscv32-esp-elf/esp-13.2.0_20230928/riscv32-esp-elf/bin/../lib/gcc/riscv32-esp-elf/13.2.0/include-fixed] ==> [/home/prlx/.espressif/tools/riscv32-esp-elf/esp-13.2.0_20230928/riscv32-esp-elf/lib/gcc/riscv32-esp-elf/13.2.0/include-fixed]
  collapse include dir [/home/prlx/.espressif/tools/riscv32-esp-elf/esp-13.2.0_20230928/riscv32-esp-elf/bin/../lib/gcc/riscv32-esp-elf/13.2.0/../../../../riscv32-esp-elf/sys-include] ==> [/home/prlx/.espressif/tools/riscv32-esp-elf/esp-13.2.0_20230928/riscv32-esp-elf/riscv32-esp-elf/sys-include]
  collapse include dir [/home/prlx/.espressif/tools/riscv32-esp-elf/esp-13.2.0_20230928/riscv32-esp-elf/bin/../lib/gcc/riscv32-esp-elf/13.2.0/../../../../riscv32-esp-elf/include] ==> [/home/prlx/.espressif/tools/riscv32-esp-elf/esp-13.2.0_20230928/riscv32-esp-elf/riscv32-esp-elf/include]
  implicit include dirs: [/home/prlx/.espressif/tools/riscv32-esp-elf/esp-13.2.0_20230928/riscv32-esp-elf/lib/gcc/riscv32-esp-elf/13.2.0/include;/home/prlx/.espressif/tools/riscv32-esp-elf/esp-13.2.0_20230928/riscv32-esp-elf/lib/gcc/riscv32-esp-elf/13.2.0/include-fixed;/home/prlx/.espressif/tools/riscv32-esp-elf/esp-13.2.0_20230928/riscv32-esp-elf/riscv32-esp-elf/sys-include;/home/prlx/.espressif/tools/riscv32-esp-elf/esp-13.2.0_20230928/riscv32-esp-elf/riscv32-esp-elf/include]


Parsed C implicit link information from above output:
  link line regex: [^( *|.*[/\])(riscv32-esp-elf-ld|CMAKE_LINK_STARTFILE-NOTFOUND|([^/\]+-)?ld|collect2)[^/\]*( |$)]
  ignore line: [Change Dir: /home/prlx/test/esp-idf/projects/blink-test/build/CMakeFiles/CMakeTmp]
  ignore line: []
  ignore line: [Run Build Command(s):/usr/bin/gmake -f Makefile cmTC_12055/fast && /usr/bin/gmake  -f CMakeFiles/cmTC_12055.dir/build.make CMakeFiles/cmTC_12055.dir/build]
  ignore line: [gmake[1]: Entering directory '/home/prlx/test/esp-idf/projects/blink-test/build/CMakeFiles/CMakeTmp']
  ignore line: [Building C object CMakeFiles/cmTC_12055.dir/CMakeCCompilerABI.c.obj]
  ignore line: [/home/prlx/.espressif/tools/riscv32-esp-elf/esp-13.2.0_20230928/riscv32-esp-elf/bin/riscv32-esp-elf-gcc   -march=rv32imc_zicsr_zifencei     -v -o CMakeFiles/cmTC_12055.dir/CMakeCCompilerABI.c.obj -c /usr/share/cmake-3.22/Modules/CMakeCCompilerABI.c]
  ignore line: [Using built-in specs.]
  ignore line: [COLLECT_GCC=/home/prlx/.espressif/tools/riscv32-esp-elf/esp-13.2.0_20230928/riscv32-esp-elf/bin/riscv32-esp-elf-gcc]
  ignore line: [Target: riscv32-esp-elf]
  ignore line: [Configured with: /builds/idf/crosstool-NG/.build/riscv32-esp-elf/src/gcc/configure --build=x86_64-build_pc-linux-gnu --host=x86_64-build_pc-linux-gnu --target=riscv32-esp-elf --prefix=/builds/idf/crosstool-NG/builds/riscv32-esp-elf --exec_prefix=/builds/idf/crosstool-NG/builds/riscv32-esp-elf --with-local-prefix=/builds/idf/crosstool-NG/builds/riscv32-esp-elf/riscv32-esp-elf --with-headers=/builds/idf/crosstool-NG/builds/riscv32-esp-elf/riscv32-esp-elf/include --with-newlib --enable-threads=no --disable-shared --with-arch=rv32gc --with-abi=ilp32 --with-pkgversion='crosstool-NG esp-13.2.0_20230928' --disable-__cxa_atexit --enable-cxx-flags=-ffunction-sections --disable-libgomp --disable-libmudflap --disable-libmpx --disable-libssp --disable-libquadmath --disable-libquadmath-support --disable-libstdcxx-verbose --with-gmp=/builds/idf/crosstool-NG/.build/riscv32-esp-elf/buildtools --with-mpfr=/builds/idf/crosstool-NG/.build/riscv32-esp-elf/buildtools --with-mpc=/builds/idf/crosstool-NG/.build/riscv32-esp-elf/buildtools --with-isl=/builds/idf/crosstool-NG/.build/riscv32-esp-elf/buildtools --enable-lto --enable-target-optspace --without-long-double-128 --disable-nls --enable-multiarch --enable-languages=c c++ --disable-libstdcxx-verbose --enable-threads=posix --enable-gcov-custom-rtio --enable-libstdcxx-time=yes]
  ignore line: [Thread model: posix]
  ignore line: [Supported LTO compression algorithms: zlib]
  ignore line: [gcc version 13.2.0 (crosstool-NG esp-13.2.0_20230928) ]
  ignore line: [COLLECT_GCC_OPTIONS='-march=rv32imc_zicsr_zifencei' '-v' '-o' 'CMakeFiles/cmTC_12055.dir/CMakeCCompilerABI.c.obj' '-c' '-mabi=ilp32' '-misa-spec=20191213' '-march=rv32imc_zicsr_zifencei' '-dumpdir' 'CMakeFiles/cmTC_12055.dir/']
  ignore line: [ /home/prlx/.espressif/tools/riscv32-esp-elf/esp-13.2.0_20230928/riscv32-esp-elf/bin/../libexec/gcc/riscv32-esp-elf/13.2.0/cc1 -quiet -v -imultilib rv32imc_zicsr_zifencei/ilp32 -iprefix /home/prlx/.espressif/tools/riscv32-esp-elf/esp-13.2.0_20230928/riscv32-esp-elf/bin/../lib/gcc/riscv32-esp-elf/13.2.0/ /usr/share/cmake-3.22/Modules/CMakeCCompilerABI.c -quiet -dumpdir CMakeFiles/cmTC_12055.dir/ -dumpbase CMakeCCompilerABI.c.c -dumpbase-ext .c -march=rv32imc_zicsr_zifencei -mabi=ilp32 -misa-spec=20191213 -march=rv32imc_zicsr_zifencei -version -o /tmp/ccUGB1Je.s]
  ignore line: [GNU C17 (crosstool-NG esp-13.2.0_20230928) version 13.2.0 (riscv32-esp-elf)]
  ignore line: [	compiled by GNU C version 4.9.2  GMP version 6.2.1  MPFR version 4.1.0  MPC version 1.2.1  isl version isl-0.24-GMP]
  ignore line: []
  ignore line: [GGC heuristics: --param ggc-min-expand=100 --param ggc-min-heapsize=131072]
  ignore line: [ignoring duplicate directory "/home/prlx/.espressif/tools/riscv32-esp-elf/esp-13.2.0_20230928/riscv32-esp-elf/bin/../lib/gcc/../../lib/gcc/riscv32-esp-elf/13.2.0/include"]
  ignore line: [ignoring duplicate directory "/home/prlx/.espressif/tools/riscv32-esp-elf/esp-13.2.0_20230928/riscv32-esp-elf/bin/../lib/gcc/../../lib/gcc/riscv32-esp-elf/13.2.0/include-fixed"]
  ignore line: [ignoring duplicate directory "/home/prlx/.espressif/tools/riscv32-esp-elf/esp-13.2.0_20230928/riscv32-esp-elf/bin/../lib/gcc/../../lib/gcc/riscv32-esp-elf/13.2.0/../../../../riscv32-esp-elf/sys-include"]
  ignore line: [ignoring duplicate directory "/home/prlx/.espressif/tools/riscv32-esp-elf/esp-13.2.0_20230928/riscv32-esp-elf/bin/../lib/gcc/../../lib/gcc/riscv32-esp-elf/13.2.0/../../../../riscv32-esp-elf/include"]
  ignore line: [#include "..." search starts here:]
  ignore line: [#include <...> search starts here:]
  ignore line: [ /home/prlx/.espressif/tools/riscv32-esp-elf/esp-13.2.0_20230928/riscv32-esp-elf/bin/../lib/gcc/riscv32-esp-elf/13.2.0/include]
  ignore line: [ /home/prlx/.espressif/tools/riscv32-esp-elf/esp-13.2.0_20230928/riscv32-esp-elf/bin/../lib/gcc/riscv32-esp-elf/13.2.0/include-fixed]
  ignore line: [ /home/prlx/.espressif/tools/riscv32-esp-elf/esp-13.2.0_20230928/riscv32-esp-elf/bin/../lib/gcc/riscv32-esp-elf/13.2.0/../../../../riscv32-esp-elf/sys-include]
  ignore line: [ /home/prlx/.espressif/tools/riscv32-esp-elf/esp-13.2.0_20230928/riscv32-esp-elf/bin/../lib/gcc/riscv32-esp-elf/13.2.0/../../../../riscv32-esp-elf/include]
  ignore line: [End of search list.]
  ignore line: [Compiler executable checksum: 77495f34f76e3c762dece7c39ed79778]
  ignore line: [COLLECT_GCC_OPTIONS='-march=rv32imc_zicsr_zifencei' '-v' '-o' 'CMakeFiles/cmTC_12055.dir/CMakeCCompilerABI.c.obj' '-c' '-mabi=ilp32' '-misa-spec=20191213' '-march=rv32imc_zicsr_zifencei' '-dumpdir' 'CMakeFiles/cmTC_12055.dir/']
  ignore line: [ /home/prlx/.espressif/tools/riscv32-esp-elf/esp-13.2.0_20230928/riscv32-esp-elf/bin/../lib/gcc/riscv32-esp-elf/13.2.0/../../../../riscv32-esp-elf/bin/as -v --traditional-format -march=rv32imc_zicsr_zifencei -march=rv32imc_zicsr_zifencei -mabi=ilp32 -misa-spec=20191213 -o CMakeFiles/cmTC_12055.dir/CMakeCCompilerABI.c.obj /tmp/ccUGB1Je.s]
  ignore line: [GNU assembler version 2.41 (riscv32-esp-elf) using BFD version (crosstool-NG esp-13.2.0_20230928) 2.41]
  ignore line: [COMPILER_PATH=/home/prlx/.espressif/tools/riscv32-esp-elf/esp-13.2.0_20230928/riscv32-esp-elf/bin/../libexec/gcc/riscv32-esp-elf/13.2.0/:/home/prlx/.espressif/tools/riscv32-esp-elf/esp-13.2.0_20230928/riscv32-esp-elf/bin/../libexec/gcc/:/home/prlx/.espressif/tools/riscv32-esp-elf/esp-13.2.0_20230928/riscv32-esp-elf/bin/../lib/gcc/riscv32-esp-elf/13.2.0/../../../../riscv32-esp-elf/bin/]
  ignore line: [LIBRARY_PATH=/home/prlx/.espressif/tools/riscv32-esp-elf/esp-13.2.0_20230928/riscv32-esp-elf/bin/../lib/gcc/riscv32-esp-elf/13.2.0/rv32imc_zicsr_zifencei/ilp32/:/home/prlx/.espressif/tools/riscv32-esp-elf/esp-13.2.0_20230928/riscv32-esp-elf/bin/../lib/gcc/riscv32-esp-elf/13.2.0/../../../../riscv32-esp-elf/lib/rv32imc_zicsr_zifencei/ilp32/:/home/prlx/.espressif/tools/riscv32-esp-elf/esp-13.2.0_20230928/riscv32-esp-elf/bin/../lib/gcc/riscv32-esp-elf/13.2.0/:/home/prlx/.espressif/tools/riscv32-esp-elf/esp-13.2.0_20230928/riscv32-esp-elf/bin/../lib/gcc/:/home/prlx/.espressif/tools/riscv32-esp-elf/esp-13.2.0_20230928/riscv32-esp-elf/bin/../lib/gcc/riscv32-esp-elf/13.2.0/../../../../riscv32-esp-elf/lib/]
  ignore line: [COLLECT_GCC_OPTIONS='-march=rv32imc_zicsr_zifencei' '-v' '-o' 'CMakeFiles/cmTC_12055.dir/CMakeCCompilerABI.c.obj' '-c' '-mabi=ilp32' '-misa-spec=20191213' '-march=rv32imc_zicsr_zifencei' '-dumpdir' 'CMakeFiles/cmTC_12055.dir/CMakeCCompilerABI.c.']
  ignore line: [Linking C executable cmTC_12055]
  ignore line: [/usr/bin/cmake -E cmake_link_script CMakeFiles/cmTC_12055.dir/link.txt --verbose=1]
  ignore line: [/home/prlx/.espressif/tools/riscv32-esp-elf/esp-13.2.0_20230928/riscv32-esp-elf/bin/riscv32-esp-elf-gcc -march=rv32imc_zicsr_zifencei   -nostartfiles -march=rv32imc_zicsr_zifencei --specs=nosys.specs  -v CMakeFiles/cmTC_12055.dir/CMakeCCompilerABI.c.obj -o cmTC_12055 ]
  ignore line: [Using built-in specs.]
  ignore line: [Reading specs from /home/prlx/.espressif/tools/riscv32-esp-elf/esp-13.2.0_20230928/riscv32-esp-elf/bin/../lib/gcc/riscv32-esp-elf/13.2.0/../../../../riscv32-esp-elf/lib/nosys.specs]
  ignore line: [rename spec link_gcc_c_sequence to nosys_link_gcc_c_sequence]
  ignore line: [COLLECT_GCC=/home/prlx/.espressif/tools/riscv32-esp-elf/esp-13.2.0_20230928/riscv32-esp-elf/bin/riscv32-esp-elf-gcc]
  ignore line: [COLLECT_LTO_WRAPPER=/home/prlx/.espressif/tools/riscv32-esp-elf/esp-13.2.0_20230928/riscv32-esp-elf/bin/../libexec/gcc/riscv32-esp-elf/13.2.0/lto-wrapper]
  ignore line: [Target: riscv32-esp-elf]
  ignore line: [Configured with: /builds/idf/crosstool-NG/.build/riscv32-esp-elf/src/gcc/configure --build=x86_64-build_pc-linux-gnu --host=x86_64-build_pc-linux-gnu --target=riscv32-esp-elf --prefix=/builds/idf/crosstool-NG/builds/riscv32-esp-elf --exec_prefix=/builds/idf/crosstool-NG/builds/riscv32-esp-elf --with-local-prefix=/builds/idf/crosstool-NG/builds/riscv32-esp-elf/riscv32-esp-elf --with-headers=/builds/idf/crosstool-NG/builds/riscv32-esp-elf/riscv32-esp-elf/include --with-newlib --enable-threads=no --disable-shared --with-arch=rv32gc --with-abi=ilp32 --with-pkgversion='crosstool-NG esp-13.2.0_20230928' --disable-__cxa_atexit --enable-cxx-flags=-ffunction-sections --disable-libgomp --disable-libmudflap --disable-libmpx --disable-libssp --disable-libquadmath --disable-libquadmath-support --disable-libstdcxx-verbose --with-gmp=/builds/idf/crosstool-NG/.build/riscv32-esp-elf/buildtools --with-mpfr=/builds/idf/crosstool-NG/.build/riscv32-esp-elf/buildtools --with-mpc=/builds/idf/crosstool-NG/.build/riscv32-esp-elf/buildtools --with-isl=/builds/idf/crosstool-NG/.build/riscv32-esp-elf/buildtools --enable-lto --enable-target-optspace --without-long-double-128 --disable-nls --enable-multiarch --enable-languages=c c++ --disable-libstdcxx-verbose --enable-threads=posix --enable-gcov-custom-rtio --enable-libstdcxx-time=yes]
  ignore line: [Thread model: posix]
  ignore line: [Supported LTO compression algorithms: zlib]
  ignore line: [gcc version 13.2.0 (crosstool-NG esp-13.2.0_20230928) ]
  ignore line: [COMPILER_PATH=/home/prlx/.espressif/tools/riscv32-esp-elf/esp-13.2.0_20230928/riscv32-esp-elf/bin/../libexec/gcc/riscv32-esp-elf/13.2.0/:/home/prlx/.espressif/tools/riscv32-esp-elf/esp-13.2.0_20230928/riscv32-esp-elf/bin/../libexec/gcc/:/home/prlx/.espressif/tools/riscv32-esp-elf/esp-13.2.0_20230928/riscv32-esp-elf/bin/../lib/gcc/riscv32-esp-elf/13.2.0/../../../../riscv32-esp-elf/bin/]
  ignore line: [LIBRARY_PATH=/home/prlx/.espressif/tools/riscv32-esp-elf/esp-13.2.0_20230928/riscv32-esp-elf/bin/../lib/gcc/riscv32-esp-elf/13.2.0/rv32imc_zicsr_zifencei/ilp32/:/home/prlx/.espressif/tools/riscv32-esp-elf/esp-13.2.0_20230928/riscv32-esp-elf/bin/../lib/gcc/riscv32-esp-elf/13.2.0/../../../../riscv32-esp-elf/lib/rv32imc_zicsr_zifencei/ilp32/:/home/prlx/.espressif/tools/riscv32-esp-elf/esp-13.2.0_20230928/riscv32-esp-elf/bin/../lib/gcc/riscv32-esp-elf/13.2.0/:/home/prlx/.espressif/tools/riscv32-esp-elf/esp-13.2.0_20230928/riscv32-esp-elf/bin/../lib/gcc/:/home/prlx/.espressif/tools/riscv32-esp-elf/esp-13.2.0_20230928/riscv32-esp-elf/bin/../lib/gcc/riscv32-esp-elf/13.2.0/../../../../riscv32-esp-elf/lib/]
  ignore line: [COLLECT_GCC_OPTIONS='-nostartfiles' '-march=rv32imc_zicsr_zifencei' '-specs=nosys.specs' '-v' '-o' 'cmTC_12055' '-mabi=ilp32' '-misa-spec=20191213' '-march=rv32imc_zicsr_zifencei' '-dumpdir' 'cmTC_12055.']
  link line: [ /home/prlx/.espressif/tools/riscv32-esp-elf/esp-13.2.0_20230928/riscv32-esp-elf/bin/../libexec/gcc/riscv32-esp-elf/13.2.0/collect2 -plugin /home/prlx/.espressif/tools/riscv32-esp-elf/esp-13.2.0_20230928/riscv32-esp-elf/bin/../libexec/gcc/riscv32-esp-elf/13.2.0/liblto_plugin.so -plugin-opt=/home/prlx/.espressif/tools/riscv32-esp-elf/esp-13.2.0_20230928/riscv32-esp-elf/bin/../libexec/gcc/riscv32-esp-elf/13.2.0/lto-wrapper -plugin-opt=-fresolution=/tmp/cccl71pC.res -plugin-opt=-pass-through=-lgcc -plugin-opt=-pass-through=-lc -plugin-opt=-pass-through=-lnosys -plugin-opt=-pass-through=-lc -plugin-opt=-pass-through=-lgcc -plugin-opt=-pass-through=-lgcc -plugin-opt=-pass-through=-lc -plugin-opt=-pass-through=-lnosys -melf32lriscv -o cmTC_12055 -L/home/prlx/.espressif/tools/riscv32-esp-elf/esp-13.2.0_20230928/riscv32-esp-elf/bin/../lib/gcc/riscv32-esp-elf/13.2.0/rv32imc_zicsr_zifencei/ilp32 -L/home/prlx/.espressif/tools/riscv32-esp-elf/esp-13.2.0_20230928/riscv32-esp-elf/bin/../lib/gcc/riscv32-esp-elf/13.2.0/../../../../riscv32-esp-elf/lib/rv32imc_zicsr_zifencei/ilp32 -L/home/prlx/.espressif/tools/riscv32-esp-elf/esp-13.2.0_20230928/riscv32-esp-elf/bin/../lib/gcc/riscv32-esp-elf/13.2.0 -L/home/prlx/.espressif/tools/riscv32-esp-elf/esp-13.2.0_20230928/riscv32-esp-elf/bin/../lib/gcc -L/home/prlx/.espressif/tools/riscv32-esp-elf/esp-13.2.0_20230928/riscv32-esp-elf/bin/../lib/gcc/riscv32-esp-elf/13.2.0/../../../../riscv32-esp-elf/lib CMakeFiles/cmTC_12055.dir/CMakeCCompilerABI.c.obj -lgcc -lc -lnosys -lc -lgcc --start-group -lgcc -lc -lnosys --end-group]
    arg [/home/prlx/.espressif/tools/riscv32-esp-elf/esp-13.2.0_20230928/riscv32-esp-elf/bin/../libexec/gcc/riscv32-esp-elf/13.2.0/collect2] ==> ignore
    arg [-plugin] ==> ignore
    arg [/home/prlx/.espressif/tools/riscv32-esp-elf/esp-13.2.0_20230928/riscv32-esp-elf/bin/../libexec/gcc/riscv32-esp-elf/13.2.0/liblto_plugin.so] ==> ignore
    arg [-plugin-opt=/home/prlx/.espressif/tools/riscv32-esp-elf/esp-13.2.0_20230928/riscv32-esp-elf/bin/../libexec/gcc/riscv32-esp-elf/13.2.0/lto-wrapper] ==> ignore
    arg [-plugin-opt=-fresolution=/tmp/cccl71pC.res] ==> ignore
    arg [-plugin-opt=-pass-through=-lgcc] ==> ignore
    arg [-plugin-opt=-pass-through=-lc] ==> ignore
    arg [-plugin-opt=-pass-through=-lnosys] ==> ignore
    arg [-plugin-opt=-pass-through=-lc] ==> ignore
    arg [-plugin-opt=-pass-through=-lgcc] ==> ignore
    arg [-plugin-opt=-pass-through=-lgcc] ==> ignore
    arg [-plugin-opt=-pass-through=-lc] ==> ignore
    arg [-plugin-opt=-pass-through=-lnosys] ==> ignore
    arg [-melf32lriscv] ==> ignore
    arg [-o] ==> ignore
    arg [cmTC_12055] ==> ignore
    arg [-L/home/prlx/.espressif/tools/riscv32-esp-elf/esp-13.2.0_20230928/riscv32-esp-elf/bin/../lib/gcc/riscv32-esp-elf/13.2.0/rv32imc_zicsr_zifencei/ilp32] ==> dir [/home/prlx/.espressif/tools/riscv32-esp-elf/esp-13.2.0_20230928/riscv32-esp-elf/bin/../lib/gcc/riscv32-esp-elf/13.2.0/rv32imc_zicsr_zifencei/ilp32]
    arg [-L/home/prlx/.espressif/tools/riscv32-esp-elf/esp-13.2.0_20230928/riscv32-esp-elf/bin/../lib/gcc/riscv32-esp-elf/13.2.0/../../../../riscv32-esp-elf/lib/rv32imc_zicsr_zifencei/ilp32] ==> dir [/home/prlx/.espressif/tools/riscv32-esp-elf/esp-13.2.0_20230928/riscv32-esp-elf/bin/../lib/gcc/riscv32-esp-elf/13.2.0/../../../../riscv32-esp-elf/lib/rv32imc_zicsr_zifencei/ilp32]
    arg [-L/home/prlx/.espressif/tools/riscv32-esp-elf/esp-13.2.0_20230928/riscv32-esp-elf/bin/../lib/gcc/riscv32-esp-elf/13.2.0] ==> dir [/home/prlx/.espressif/tools/riscv32-esp-elf/esp-13.2.0_20230928/riscv32-esp-elf/bin/../lib/gcc/riscv32-esp-elf/13.2.0]
    arg [-L/home/prlx/.espressif/tools/riscv32-esp-elf/esp-13.2.0_20230928/riscv32-esp-elf/bin/../lib/gcc] ==> dir [/home/prlx/.espressif/tools/riscv32-esp-elf/esp-13.2.0_20230928/riscv32-esp-elf/bin/../lib/gcc]
    arg [-L/home/prlx/.espressif/tools/riscv32-esp-elf/esp-13.2.0_20230928/riscv32-esp-elf/bin/../lib/gcc/riscv32-esp-elf/13.2.0/../../../../riscv32-esp-elf/lib] ==> dir [/home/prlx/.espressif/tools/riscv32-esp-elf/esp-13.2.0_20230928/riscv32-esp-elf/bin/../lib/gcc/riscv32-esp-elf/13.2.0/../../../../riscv32-esp-elf/lib]
    arg [CMakeFiles/cmTC_12055.dir/CMakeCCompilerABI.c.obj] ==> ignore
    arg [-lgcc] ==> lib [gcc]
    arg [-lc] ==> lib [c]
    arg [-lnosys] ==> lib [nosys]
    arg [-lc] ==> lib [c]
    arg [-lgcc] ==> lib [gcc]
    arg [--start-group] ==> ignore
    arg [-lgcc] ==> lib [gcc]
    arg [-lc] ==> lib [c]
    arg [-lnosys] ==> lib [nosys]
    arg [--end-group] ==> ignore
  collapse library dir [/home/prlx/.espressif/tools/riscv32-esp-elf/esp-13.2.0_20230928/riscv32-esp-elf/bin/../lib/gcc/riscv32-esp-elf/13.2.0/rv32imc_zicsr_zifencei/ilp32] ==> [/home/prlx/.espressif/tools/riscv32-esp-elf/esp-13.2.0_20230928/riscv32-esp-elf/lib/gcc/riscv32-esp-elf/13.2.0/rv32imc_zicsr_zifencei/ilp32]
  collapse library dir [/home/prlx/.espressif/tools/riscv32-esp-elf/esp-13.2.0_20230928/riscv32-esp-elf/bin/../lib/gcc/riscv32-esp-elf/13.2.0/../../../../riscv32-esp-elf/lib/rv32imc_zicsr_zifencei/ilp32] ==> [/home/prlx/.espressif/tools/riscv32-esp-elf/esp-13.2.0_20230928/riscv32-esp-elf/riscv32-esp-elf/lib/rv32imc_zicsr_zifencei/ilp32]
  collapse library dir [/home/prlx/.espressif/tools/riscv32-esp-elf/esp-13.2.0_20230928/riscv32-esp-elf/bin/../lib/gcc/riscv32-esp-elf/13.2.0] ==> [/home/prlx/.espressif/tools/riscv32-esp-elf/esp-13.2.0_20230928/riscv32-esp-elf/lib/gcc/riscv32-esp-elf/13.2.0]
  collapse library dir [/home/prlx/.espressif/tools/riscv32-esp-elf/esp-13.2.0_20230928/riscv32-esp-elf/bin/../lib/gcc] ==> [/home/prlx/.espressif/tools/riscv32-esp-elf/esp-13.2.0_20230928/riscv32-esp-elf/lib/gcc]
  collapse library dir [/home/prlx/.espressif/tools/riscv32-esp-elf/esp-13.2.0_20230928/riscv32-esp-elf/bin/../lib/gcc/riscv32-esp-elf/13.2.0/../../../../riscv32-esp-elf/lib] ==> [/home/prlx/.espressif/tools/riscv32-esp-elf/esp-13.2.0_20230928/riscv32-esp-elf/riscv32-esp-elf/lib]
  implicit libs: [gcc;c;nosys;c;gcc;gcc;c;nosys]
  implicit objs: []
  implicit dirs: [/home/prlx/.espressif/tools/riscv32-esp-elf/esp-13.2.0_20230928/riscv32-esp-elf/lib/gcc/riscv32-esp-elf/13.2.0/rv32imc_zicsr_zifencei/ilp32;/home/prlx/.espressif/tools/riscv32-esp-elf/esp-13.2.0_20230928/riscv32-esp-elf/riscv32-esp-elf/lib/rv32imc_zicsr_zifencei/ilp32;/home/prlx/.espressif/tools/riscv32-esp-elf/esp-13.2.0_20230928/riscv32-esp-elf/lib/gcc/riscv32-esp-elf/13.2.0;/home/prlx/.espressif/tools/riscv32-esp-elf/esp-13.2.0_20230928/riscv32-esp-elf/lib/gcc;/home/prlx/.espressif/tools/riscv32-esp-elf/esp-13.2.0_20230928/riscv32-esp-elf/riscv32-esp-elf/lib]
  implicit fwks: []


Detecting CXX compiler ABI info compiled with the following output:
Change Dir: /home/prlx/test/esp-idf/projects/blink-test/build/CMakeFiles/CMakeTmp

Run Build Command(s):/usr/bin/gmake -f Makefile cmTC_75c83/fast && /usr/bin/gmake  -f CMakeFiles/cmTC_75c83.dir/build.make CMakeFiles/cmTC_75c83.dir/build
gmake[1]: Entering directory '/home/prlx/test/esp-idf/projects/blink-test/build/CMakeFiles/CMakeTmp'
Building CXX object CMakeFiles/cmTC_75c83.dir/CMakeCXXCompilerABI.cpp.obj
/home/prlx/.espressif/tools/riscv32-esp-elf/esp-13.2.0_20230928/riscv32-esp-elf/bin/riscv32-esp-elf-g++   -march=rv32imc_zicsr_zifencei     -v -o CMakeFiles/cmTC_75c83.dir/CMakeCXXCompilerABI.cpp.obj -c /usr/share/cmake-3.22/Modules/CMakeCXXCompilerABI.cpp
Using built-in specs.
COLLECT_GCC=/home/prlx/.espressif/tools/riscv32-esp-elf/esp-13.2.0_20230928/riscv32-esp-elf/bin/riscv32-esp-elf-g++
Target: riscv32-esp-elf
Configured with: /builds/idf/crosstool-NG/.build/riscv32-esp-elf/src/gcc/configure --build=x86_64-build_pc-linux-gnu --host=x86_64-build_pc-linux-gnu --target=riscv32-esp-elf --prefix=/builds/idf/crosstool-NG/builds/riscv32-esp-elf --exec_prefix=/builds/idf/crosstool-NG/builds/riscv32-esp-elf --with-local-prefix=/builds/idf/crosstool-NG/builds/riscv32-esp-elf/riscv32-esp-elf --with-headers=/builds/idf/crosstool-NG/builds/riscv32-esp-elf/riscv32-esp-elf/include --with-newlib --enable-threads=no --disable-shared --with-arch=rv32gc --with-abi=ilp32 --with-pkgversion='crosstool-NG esp-13.2.0_20230928' --disable-__cxa_atexit --enable-cxx-flags=-ffunction-sections --disable-libgomp --disable-libmudflap --disable-libmpx --disable-libssp --disable-libquadmath --disable-libquadmath-support --disable-libstdcxx-verbose --with-gmp=/builds/idf/crosstool-NG/.build/riscv32-esp-elf/buildtools --with-mpfr=/builds/idf/crosstool-NG/.build/riscv32-esp-elf/buildtools --with-mpc=/builds/idf/crosstool-NG/.build/riscv32-esp-elf/buildtools --with-isl=/builds/idf/crosstool-NG/.build/riscv32-esp-elf/buildtools --enable-lto --enable-target-optspace --without-long-double-128 --disable-nls --enable-multiarch --enable-languages=c,c++ --disable-libstdcxx-verbose --enable-threads=posix --enable-gcov-custom-rtio --enable-libstdcxx-time=yes
Thread model: posix
Supported LTO compression algorithms: zlib
gcc version 13.2.0 (crosstool-NG esp-13.2.0_20230928) 
COLLECT_GCC_OPTIONS='-march=rv32imc_zicsr_zifencei' '-v' '-o' 'CMakeFiles/cmTC_75c83.dir/CMakeCXXCompilerABI.cpp.obj' '-c' '-mabi=ilp32' '-misa-spec=20191213' '-march=rv32imc_zicsr_zifencei' '-dumpdir' 'CMakeFiles/cmTC_75c83.dir/'
 /home/prlx/.espressif/tools/riscv32-esp-elf/esp-13.2.0_20230928/riscv32-esp-elf/bin/../libexec/gcc/riscv32-esp-elf/13.2.0/cc1plus -quiet -v -imultilib rv32imc_zicsr_zifencei/ilp32 -iprefix /home/prlx/.espressif/tools/riscv32-esp-elf/esp-13.2.0_20230928/riscv32-esp-elf/bin/../lib/gcc/riscv32-esp-elf/13.2.0/ /usr/share/cmake-3.22/Modules/CMakeCXXCompilerABI.cpp -quiet -dumpdir CMakeFiles/cmTC_75c83.dir/ -dumpbase CMakeCXXCompilerABI.cpp.cpp -dumpbase-ext .cpp -march=rv32imc_zicsr_zifencei -mabi=ilp32 -misa-spec=20191213 -march=rv32imc_zicsr_zifencei -version -o /tmp/ccQrjXC2.s
GNU C++17 (crosstool-NG esp-13.2.0_20230928) version 13.2.0 (riscv32-esp-elf)
	compiled by GNU C version 4.9.2, GMP version 6.2.1, MPFR version 4.1.0, MPC version 1.2.1, isl version isl-0.24-GMP

GGC heuristics: --param ggc-min-expand=100 --param ggc-min-heapsize=131072
ignoring duplicate directory "/home/prlx/.espressif/tools/riscv32-esp-elf/esp-13.2.0_20230928/riscv32-esp-elf/bin/../lib/gcc/../../lib/gcc/riscv32-esp-elf/13.2.0/../../../../riscv32-esp-elf/include/c++/13.2.0"
ignoring duplicate directory "/home/prlx/.espressif/tools/riscv32-esp-elf/esp-13.2.0_20230928/riscv32-esp-elf/bin/../lib/gcc/../../lib/gcc/riscv32-esp-elf/13.2.0/../../../../riscv32-esp-elf/include/c++/13.2.0/riscv32-esp-elf/rv32imc_zicsr_zifencei/ilp32"
ignoring duplicate directory "/home/prlx/.espressif/tools/riscv32-esp-elf/esp-13.2.0_20230928/riscv32-esp-elf/bin/../lib/gcc/../../lib/gcc/riscv32-esp-elf/13.2.0/../../../../riscv32-esp-elf/include/c++/13.2.0/backward"
ignoring duplicate directory "/home/prlx/.espressif/tools/riscv32-esp-elf/esp-13.2.0_20230928/riscv32-esp-elf/bin/../lib/gcc/../../lib/gcc/riscv32-esp-elf/13.2.0/include"
ignoring duplicate directory "/home/prlx/.espressif/tools/riscv32-esp-elf/esp-13.2.0_20230928/riscv32-esp-elf/bin/../lib/gcc/../../lib/gcc/riscv32-esp-elf/13.2.0/include-fixed"
ignoring duplicate directory "/home/prlx/.espressif/tools/riscv32-esp-elf/esp-13.2.0_20230928/riscv32-esp-elf/bin/../lib/gcc/../../lib/gcc/riscv32-esp-elf/13.2.0/../../../../riscv32-esp-elf/sys-include"
ignoring duplicate directory "/home/prlx/.espressif/tools/riscv32-esp-elf/esp-13.2.0_20230928/riscv32-esp-elf/bin/../lib/gcc/../../lib/gcc/riscv32-esp-elf/13.2.0/../../../../riscv32-esp-elf/include"
#include "..." search starts here:
#include <...> search starts here:
 /home/prlx/.espressif/tools/riscv32-esp-elf/esp-13.2.0_20230928/riscv32-esp-elf/bin/../lib/gcc/riscv32-esp-elf/13.2.0/../../../../riscv32-esp-elf/include/c++/13.2.0
 /home/prlx/.espressif/tools/riscv32-esp-elf/esp-13.2.0_20230928/riscv32-esp-elf/bin/../lib/gcc/riscv32-esp-elf/13.2.0/../../../../riscv32-esp-elf/include/c++/13.2.0/riscv32-esp-elf/rv32imc_zicsr_zifencei/ilp32
 /home/prlx/.espressif/tools/riscv32-esp-elf/esp-13.2.0_20230928/riscv32-esp-elf/bin/../lib/gcc/riscv32-esp-elf/13.2.0/../../../../riscv32-esp-elf/include/c++/13.2.0/backward
 /home/prlx/.espressif/tools/riscv32-esp-elf/esp-13.2.0_20230928/riscv32-esp-elf/bin/../lib/gcc/riscv32-esp-elf/13.2.0/include
 /home/prlx/.espressif/tools/riscv32-esp-elf/esp-13.2.0_20230928/riscv32-esp-elf/bin/../lib/gcc/riscv32-esp-elf/13.2.0/include-fixed
 /home/prlx/.espressif/tools/riscv32-esp-elf/esp-13.2.0_20230928/riscv32-esp-elf/bin/../lib/gcc/riscv32-esp-elf/13.2.0/../../../../riscv32-esp-elf/sys-include
 /home/prlx/.espressif/tools/riscv32-esp-elf/esp-13.2.0_20230928/riscv32-esp-elf/bin/../lib/gcc/riscv32-esp-elf/13.2.0/../../../../riscv32-esp-elf/include
End of search list.
Compiler executable checksum: 2f922d80f93cca9f059a3573788cba06
COLLECT_GCC_OPTIONS='-march=rv32imc_zicsr_zifencei' '-v' '-o' 'CMakeFiles/cmTC_75c83.dir/CMakeCXXCompilerABI.cpp.obj' '-c' '-mabi=ilp32' '-misa-spec=20191213' '-march=rv32imc_zicsr_zifencei' '-dumpdir' 'CMakeFiles/cmTC_75c83.dir/'
 /home/prlx/.espressif/tools/riscv32-esp-elf/esp-13.2.0_20230928/riscv32-esp-elf/bin/../lib/gcc/riscv32-esp-elf/13.2.0/../../../../riscv32-esp-elf/bin/as -v --traditional-format -march=rv32imc_zicsr_zifencei -march=rv32imc_zicsr_zifencei -mabi=ilp32 -misa-spec=20191213 -o CMakeFiles/cmTC_75c83.dir/CMakeCXXCompilerABI.cpp.obj /tmp/ccQrjXC2.s
GNU assembler version 2.41 (riscv32-esp-elf) using BFD version (crosstool-NG esp-13.2.0_20230928) 2.41
COMPILER_PATH=/home/prlx/.espressif/tools/riscv32-esp-elf/esp-13.2.0_20230928/riscv32-esp-elf/bin/../libexec/gcc/riscv32-esp-elf/13.2.0/:/home/prlx/.espressif/tools/riscv32-esp-elf/esp-13.2.0_20230928/riscv32-esp-elf/bin/../libexec/gcc/:/home/prlx/.espressif/tools/riscv32-esp-elf/esp-13.2.0_20230928/riscv32-esp-elf/bin/../lib/gcc/riscv32-esp-elf/13.2.0/../../../../riscv32-esp-elf/bin/
LIBRARY_PATH=/home/prlx/.espressif/tools/riscv32-esp-elf/esp-13.2.0_20230928/riscv32-esp-elf/bin/../lib/gcc/riscv32-esp-elf/13.2.0/rv32imc_zicsr_zifencei/ilp32/:/home/prlx/.espressif/tools/riscv32-esp-elf/esp-13.2.0_20230928/riscv32-esp-elf/bin/../lib/gcc/riscv32-esp-elf/13.2.0/../../../../riscv32-esp-elf/lib/rv32imc_zicsr_zifencei/ilp32/:/home/prlx/.espressif/tools/riscv32-esp-elf/esp-13.2.0_20230928/riscv32-esp-elf/bin/../lib/gcc/riscv32-esp-elf/13.2.0/:/home/prlx/.espressif/tools/riscv32-esp-elf/esp-13.2.0_20230928/riscv32-esp-elf/bin/../lib/gcc/:/home/prlx/.espressif/tools/riscv32-esp-elf/esp-13.2.0_20230928/riscv32-esp-elf/bin/../lib/gcc/riscv32-esp-elf/13.2.0/../../../../riscv32-esp-elf/lib/
COLLECT_GCC_OPTIONS='-march=rv32imc_zicsr_zifencei' '-v' '-o' 'CMakeFiles/cmTC_75c83.dir/CMakeCXXCompilerABI.cpp.obj' '-c' '-mabi=ilp32' '-misa-spec=20191213' '-march=rv32imc_zicsr_zifencei' '-dumpdir' 'CMakeFiles/cmTC_75c83.dir/CMakeCXXCompilerABI.cpp.'
Linking CXX executable cmTC_75c83
/usr/bin/cmake -E cmake_link_script CMakeFiles/cmTC_75c83.dir/link.txt --verbose=1
/home/prlx/.espressif/tools/riscv32-esp-elf/esp-13.2.0_20230928/riscv32-esp-elf/bin/riscv32-esp-elf-g++ -march=rv32imc_zicsr_zifencei   -nostartfiles -march=rv32imc_zicsr_zifencei --specs=nosys.specs  -v CMakeFiles/cmTC_75c83.dir/CMakeCXXCompilerABI.cpp.obj -o cmTC_75c83 
Using built-in specs.
Reading specs from /home/prlx/.espressif/tools/riscv32-esp-elf/esp-13.2.0_20230928/riscv32-esp-elf/bin/../lib/gcc/riscv32-esp-elf/13.2.0/../../../../riscv32-esp-elf/lib/nosys.specs
rename spec link_gcc_c_sequence to nosys_link_gcc_c_sequence
COLLECT_GCC=/home/prlx/.espressif/tools/riscv32-esp-elf/esp-13.2.0_20230928/riscv32-esp-elf/bin/riscv32-esp-elf-g++
COLLECT_LTO_WRAPPER=/home/prlx/.espressif/tools/riscv32-esp-elf/esp-13.2.0_20230928/riscv32-esp-elf/bin/../libexec/gcc/riscv32-esp-elf/13.2.0/lto-wrapper
Target: riscv32-esp-elf
Configured with: /builds/idf/crosstool-NG/.build/riscv32-esp-elf/src/gcc/configure --build=x86_64-build_pc-linux-gnu --host=x86_64-build_pc-linux-gnu --target=riscv32-esp-elf --prefix=/builds/idf/crosstool-NG/builds/riscv32-esp-elf --exec_prefix=/builds/idf/crosstool-NG/builds/riscv32-esp-elf --with-local-prefix=/builds/idf/crosstool-NG/builds/riscv32-esp-elf/riscv32-esp-elf --with-headers=/builds/idf/crosstool-NG/builds/riscv32-esp-elf/riscv32-esp-elf/include --with-newlib --enable-threads=no --disable-shared --with-arch=rv32gc --with-abi=ilp32 --with-pkgversion='crosstool-NG esp-13.2.0_20230928' --disable-__cxa_atexit --enable-cxx-flags=-ffunction-sections --disable-libgomp --disable-libmudflap --disable-libmpx --disable-libssp --disable-libquadmath --disable-libquadmath-support --disable-libstdcxx-verbose --with-gmp=/builds/idf/crosstool-NG/.build/riscv32-esp-elf/buildtools --with-mpfr=/builds/idf/crosstool-NG/.build/riscv32-esp-elf/buildtools --with-mpc=/builds/idf/crosstool-NG/.build/riscv32-esp-elf/buildtools --with-isl=/builds/idf/crosstool-NG/.build/riscv32-esp-elf/buildtools --enable-lto --enable-target-optspace --without-long-double-128 --disable-nls --enable-multiarch --enable-languages=c,c++ --disable-libstdcxx-verbose --enable-threads=posix --enable-gcov-custom-rtio --enable-libstdcxx-time=yes
Thread model: posix
Supported LTO compression algorithms: zlib
gcc version 13.2.0 (crosstool-NG esp-13.2.0_20230928) 
COMPILER_PATH=/home/prlx/.espressif/tools/riscv32-esp-elf/esp-13.2.0_20230928/riscv32-esp-elf/bin/../libexec/gcc/riscv32-esp-elf/13.2.0/:/home/prlx/.espressif/tools/riscv32-esp-elf/esp-13.2.0_20230928/riscv32-esp-elf/bin/../libexec/gcc/:/home/prlx/.espressif/tools/riscv32-esp-elf/esp-13.2.0_20230928/riscv32-esp-elf/bin/../lib/gcc/riscv32-esp-elf/13.2.0/../../../../riscv32-esp-elf/bin/
LIBRARY_PATH=/home/prlx/.espressif/tools/riscv32-esp-elf/esp-13.2.0_20230928/riscv32-esp-elf/bin/../lib/gcc/riscv32-esp-elf/13.2.0/rv32imc_zicsr_zifencei/ilp32/:/home/prlx/.espressif/tools/riscv32-esp-elf/esp-13.2.0_20230928/riscv32-esp-elf/bin/../lib/gcc/riscv32-esp-elf/13.2.0/../../../../riscv32-esp-elf/lib/rv32imc_zicsr_zifencei/ilp32/:/home/prlx/.espressif/tools/riscv32-esp-elf/esp-13.2.0_20230928/riscv32-esp-elf/bin/../lib/gcc/riscv32-esp-elf/13.2.0/:/home/prlx/.espressif/tools/riscv32-esp-elf/esp-13.2.0_20230928/riscv32-esp-elf/bin/../lib/gcc/:/home/prlx/.espressif/tools/riscv32-esp-elf/esp-13.2.0_20230928/riscv32-esp-elf/bin/../lib/gcc/riscv32-esp-elf/13.2.0/../../../../riscv32-esp-elf/lib/
COLLECT_GCC_OPTIONS='-nostartfiles' '-march=rv32imc_zicsr_zifencei' '-specs=nosys.specs' '-v' '-o' 'cmTC_75c83' '-mabi=ilp32' '-misa-spec=20191213' '-march=rv32imc_zicsr_zifencei' '-dumpdir' 'cmTC_75c83.'
 /home/prlx/.espressif/tools/riscv32-esp-elf/esp-13.2.0_20230928/riscv32-esp-elf/bin/../libexec/gcc/riscv32-esp-elf/13.2.0/collect2 -plugin /home/prlx/.espressif/tools/riscv32-esp-elf/esp-13.2.0_20230928/riscv32-esp-elf/bin/../libexec/gcc/riscv32-esp-elf/13.2.0/liblto_plugin.so -plugin-opt=/home/prlx/.espressif/tools/riscv32-esp-elf/esp-13.2.0_20230928/riscv32-esp-elf/bin/../libexec/gcc/riscv32-esp-elf/13.2.0/lto-wrapper -plugin-opt=-fresolution=/tmp/ccsxhW4e.res -plugin-opt=-pass-through=-lgcc -plugin-opt=-pass-through=-lc -plugin-opt=-pass-through=-lnosys -plugin-opt=-pass-through=-lc -plugin-opt=-pass-through=-lgcc -plugin-opt=-pass-through=-lgcc -plugin-opt=-pass-through=-lc -plugin-opt=-pass-through=-lnosys -melf32lriscv -o cmTC_75c83 -L/home/prlx/.espressif/tools/riscv32-esp-elf/esp-13.2.0_20230928/riscv32-esp-elf/bin/../lib/gcc/riscv32-esp-elf/13.2.0/rv32imc_zicsr_zifencei/ilp32 -L/home/prlx/.espressif/tools/riscv32-esp-elf/esp-13.2.0_20230928/riscv32-esp-elf/bin/../lib/gcc/riscv32-esp-elf/13.2.0/../../../../riscv32-esp-elf/lib/rv32imc_zicsr_zifencei/ilp32 -L/home/prlx/.espressif/tools/riscv32-esp-elf/esp-13.2.0_20230928/riscv32-esp-elf/bin/../lib/gcc/riscv32-esp-elf/13.2.0 -L/home/prlx/.espressif/tools/riscv32-esp-elf/esp-13.2.0_20230928/riscv32-esp-elf/bin/../lib/gcc -L/home/prlx/.espressif/tools/riscv32-esp-elf/esp-13.2.0_20230928/riscv32-esp-elf/bin/../lib/gcc/riscv32-esp-elf/13.2.0/../../../../riscv32-esp-elf/lib CMakeFiles/cmTC_75c83.dir/CMakeCXXCompilerABI.cpp.obj -lstdc++ -lm -lgcc -lc -lnosys -lc -lgcc --start-group -lgcc -lc -lnosys --end-group
/home/prlx/.espressif/tools/riscv32-esp-elf/esp-13.2.0_20230928/riscv32-esp-elf/bin/../lib/gcc/riscv32-esp-elf/13.2.0/../../../../riscv32-esp-elf/bin/ld: warning: cannot find entry symbol _start; defaulting to 00010074
COLLECT_GCC_OPTIONS='-nostartfiles' '-march=rv32imc_zicsr_zifencei' '-specs=nosys.specs' '-v' '-o' 'cmTC_75c83' '-mabi=ilp32' '-misa-spec=20191213' '-march=rv32imc_zicsr_zifencei' '-dumpdir' 'cmTC_75c83.'
gmake[1]: Leaving directory '/home/prlx/test/esp-idf/projects/blink-test/build/CMakeFiles/CMakeTmp'



Parsed CXX implicit include dir info from above output: rv=done
  found start of include info
  found start of implicit include info
    add: [/home/prlx/.espressif/tools/riscv32-esp-elf/esp-13.2.0_20230928/riscv32-esp-elf/bin/../lib/gcc/riscv32-esp-elf/13.2.0/../../../../riscv32-esp-elf/include/c++/13.2.0]
    add: [/home/prlx/.espressif/tools/riscv32-esp-elf/esp-13.2.0_20230928/riscv32-esp-elf/bin/../lib/gcc/riscv32-esp-elf/13.2.0/../../../../riscv32-esp-elf/include/c++/13.2.0/riscv32-esp-elf/rv32imc_zicsr_zifencei/ilp32]
    add: [/home/prlx/.espressif/tools/riscv32-esp-elf/esp-13.2.0_20230928/riscv32-esp-elf/bin/../lib/gcc/riscv32-esp-elf/13.2.0/../../../../riscv32-esp-elf/include/c++/13.2.0/backward]
    add: [/home/prlx/.espressif/tools/riscv32-esp-elf/esp-13.2.0_20230928/riscv32-esp-elf/bin/../lib/gcc/riscv32-esp-elf/13.2.0/include]
    add: [/home/prlx/.espressif/tools/riscv32-esp-elf/esp-13.2.0_20230928/riscv32-esp-elf/bin/../lib/gcc/riscv32-esp-elf/13.2.0/include-fixed]
    add: [/home/prlx/.espressif/tools/riscv32-esp-elf/esp-13.2.0_20230928/riscv32-esp-elf/bin/../lib/gcc/riscv32-esp-elf/13.2.0/../../../../riscv32-esp-elf/sys-include]
    add: [/home/prlx/.espressif/tools/riscv32-esp-elf/esp-13.2.0_20230928/riscv32-esp-elf/bin/../lib/gcc/riscv32-esp-elf/13.2.0/../../../../riscv32-esp-elf/include]
  end of search list found
  collapse include dir [/home/prlx/.espressif/tools/riscv32-esp-elf/esp-13.2.0_20230928/riscv32-esp-elf/bin/../lib/gcc/riscv32-esp-elf/13.2.0/../../../../riscv32-esp-elf/include/c++/13.2.0] ==> [/home/prlx/.espressif/tools/riscv32-esp-elf/esp-13.2.0_20230928/riscv32-esp-elf/riscv32-esp-elf/include/c++/13.2.0]
  collapse include dir [/home/prlx/.espressif/tools/riscv32-esp-elf/esp-13.2.0_20230928/riscv32-esp-elf/bin/../lib/gcc/riscv32-esp-elf/13.2.0/../../../../riscv32-esp-elf/include/c++/13.2.0/riscv32-esp-elf/rv32imc_zicsr_zifencei/ilp32] ==> [/home/prlx/.espressif/tools/riscv32-esp-elf/esp-13.2.0_20230928/riscv32-esp-elf/riscv32-esp-elf/include/c++/13.2.0/riscv32-esp-elf/rv32imc_zicsr_zifencei/ilp32]
  collapse include dir [/home/prlx/.espressif/tools/riscv32-esp-elf/esp-13.2.0_20230928/riscv32-esp-elf/bin/../lib/gcc/riscv32-esp-elf/13.2.0/../../../../riscv32-esp-elf/include/c++/13.2.0/backward] ==> [/home/prlx/.espressif/tools/riscv32-esp-elf/esp-13.2.0_20230928/riscv32-esp-elf/riscv32-esp-elf/include/c++/13.2.0/backward]
  collapse include dir [/home/prlx/.espressif/tools/riscv32-esp-elf/esp-13.2.0_20230928/riscv32-esp-elf/bin/../lib/gcc/riscv32-esp-elf/13.2.0/include] ==> [/home/prlx/.espressif/tools/riscv32-esp-elf/esp-13.2.0_20230928/riscv32-esp-elf/lib/gcc/riscv32-esp-elf/13.2.0/include]
  collapse include dir [/home/prlx/.espressif/tools/riscv32-esp-elf/esp-13.2.0_20230928/riscv32-esp-elf/bin/../lib/gcc/riscv32-esp-elf/13.2.0/include-fixed] ==> [/home/prlx/.espressif/tools/riscv32-esp-elf/esp-13.2.0_20230928/riscv32-esp-elf/lib/gcc/riscv32-esp-elf/13.2.0/include-fixed]
  collapse include dir [/home/prlx/.espressif/tools/riscv32-esp-elf/esp-13.2.0_20230928/riscv32-esp-elf/bin/../lib/gcc/riscv32-esp-elf/13.2.0/../../../../riscv32-esp-elf/sys-include] ==> [/home/prlx/.espressif/tools/riscv32-esp-elf/esp-13.2.0_20230928/riscv32-esp-elf/riscv32-esp-elf/sys-include]
  collapse include dir [/home/prlx/.espressif/tools/riscv32-esp-elf/esp-13.2.0_20230928/riscv32-esp-elf/bin/../lib/gcc/riscv32-esp-elf/13.2.0/../../../../riscv32-esp-elf/include] ==> [/home/prlx/.espressif/tools/riscv32-esp-elf/esp-13.2.0_20230928/riscv32-esp-elf/riscv32-esp-elf/include]
  implicit include dirs: [/home/prlx/.espressif/tools/riscv32-esp-elf/esp-13.2.0_20230928/riscv32-esp-elf/riscv32-esp-elf/include/c++/13.2.0;/home/prlx/.espressif/tools/riscv32-esp-elf/esp-13.2.0_20230928/riscv32-esp-elf/riscv32-esp-elf/include/c++/13.2.0/riscv32-esp-elf/rv32imc_zicsr_zifencei/ilp32;/home/prlx/.espressif/tools/riscv32-esp-elf/esp-13.2.0_20230928/riscv32-esp-elf/riscv32-esp-elf/include/c++/13.2.0/backward;/home/prlx/.espressif/tools/riscv32-esp-elf/esp-13.2.0_20230928/riscv32-esp-elf/lib/gcc/riscv32-esp-elf/13.2.0/include;/home/prlx/.espressif/tools/riscv32-esp-elf/esp-13.2.0_20230928/riscv32-esp-elf/lib/gcc/riscv32-esp-elf/13.2.0/include-fixed;/home/prlx/.espressif/tools/riscv32-esp-elf/esp-13.2.0_20230928/riscv32-esp-elf/riscv32-esp-elf/sys-include;/home/prlx/.espressif/tools/riscv32-esp-elf/esp-13.2.0_20230928/riscv32-esp-elf/riscv32-esp-elf/include]


Parsed CXX implicit link information from above output:
  link line regex: [^( *|.*[/\])(riscv32-esp-elf-ld|CMAKE_LINK_STARTFILE-NOTFOUND|([^/\]+-)?ld|collect2)[^/\]*( |$)]
  ignore line: [Change Dir: /home/prlx/test/esp-idf/projects/blink-test/build/CMakeFiles/CMakeTmp]
  ignore line: []
  ignore line: [Run Build Command(s):/usr/bin/gmake -f Makefile cmTC_75c83/fast && /usr/bin/gmake  -f CMakeFiles/cmTC_75c83.dir/build.make CMakeFiles/cmTC_75c83.dir/build]
  ignore line: [gmake[1]: Entering directory '/home/prlx/test/esp-idf/projects/blink-test/build/CMakeFiles/CMakeTmp']
  ignore line: [Building CXX object CMakeFiles/cmTC_75c83.dir/CMakeCXXCompilerABI.cpp.obj]
  ignore line: [/home/prlx/.espressif/tools/riscv32-esp-elf/esp-13.2.0_20230928/riscv32-esp-elf/bin/riscv32-esp-elf-g++   -march=rv32imc_zicsr_zifencei     -v -o CMakeFiles/cmTC_75c83.dir/CMakeCXXCompilerABI.cpp.obj -c /usr/share/cmake-3.22/Modules/CMakeCXXCompilerABI.cpp]
  ignore line: [Using built-in specs.]
  ignore line: [COLLECT_GCC=/home/prlx/.espressif/tools/riscv32-esp-elf/esp-13.2.0_20230928/riscv32-esp-elf/bin/riscv32-esp-elf-g++]
  ignore line: [Target: riscv32-esp-elf]
  ignore line: [Configured with: /builds/idf/crosstool-NG/.build/riscv32-esp-elf/src/gcc/configure --build=x86_64-build_pc-linux-gnu --host=x86_64-build_pc-linux-gnu --target=riscv32-esp-elf --prefix=/builds/idf/crosstool-NG/builds/riscv32-esp-elf --exec_prefix=/builds/idf/crosstool-NG/builds/riscv32-esp-elf --with-local-prefix=/builds/idf/crosstool-NG/builds/riscv32-esp-elf/riscv32-esp-elf --with-headers=/builds/idf/crosstool-NG/builds/riscv32-esp-elf/riscv32-esp-elf/include --with-newlib --enable-threads=no --disable-shared --with-arch=rv32gc --with-abi=ilp32 --with-pkgversion='crosstool-NG esp-13.2.0_20230928' --disable-__cxa_atexit --enable-cxx-flags=-ffunction-sections --disable-libgomp --disable-libmudflap --disable-libmpx --disable-libssp --disable-libquadmath --disable-libquadmath-support --disable-libstdcxx-verbose --with-gmp=/builds/idf/crosstool-NG/.build/riscv32-esp-elf/buildtools --with-mpfr=/builds/idf/crosstool-NG/.build/riscv32-esp-elf/buildtools --with-mpc=/builds/idf/crosstool-NG/.build/riscv32-esp-elf/buildtools --with-isl=/builds/idf/crosstool-NG/.build/riscv32-esp-elf/buildtools --enable-lto --enable-target-optspace --without-long-double-128 --disable-nls --enable-multiarch --enable-languages=c c++ --disable-libstdcxx-verbose --enable-threads=posix --enable-gcov-custom-rtio --enable-libstdcxx-time=yes]
  ignore line: [Thread model: posix]
  ignore line: [Supported LTO compression algorithms: zlib]
  ignore line: [gcc version 13.2.0 (crosstool-NG esp-13.2.0_20230928) ]
  ignore line: [COLLECT_GCC_OPTIONS='-march=rv32imc_zicsr_zifencei' '-v' '-o' 'CMakeFiles/cmTC_75c83.dir/CMakeCXXCompilerABI.cpp.obj' '-c' '-mabi=ilp32' '-misa-spec=20191213' '-march=rv32imc_zicsr_zifencei' '-dumpdir' 'CMakeFiles/cmTC_75c83.dir/']
  ignore line: [ /home/prlx/.espressif/tools/riscv32-esp-elf/esp-13.2.0_20230928/riscv32-esp-elf/bin/../libexec/gcc/riscv32-esp-elf/13.2.0/cc1plus -quiet -v -imultilib rv32imc_zicsr_zifencei/ilp32 -iprefix /home/prlx/.espressif/tools/riscv32-esp-elf/esp-13.2.0_20230928/riscv32-esp-elf/bin/../lib/gcc/riscv32-esp-elf/13.2.0/ /usr/share/cmake-3.22/Modules/CMakeCXXCompilerABI.cpp -quiet -dumpdir CMakeFiles/cmTC_75c83.dir/ -dumpbase CMakeCXXCompilerABI.cpp.cpp -dumpbase-ext .cpp -march=rv32imc_zicsr_zifencei -mabi=ilp32 -misa-spec=20191213 -march=rv32imc_zicsr_zifencei -version -o /tmp/ccQrjXC2.s]
  ignore line: [GNU C++17 (crosstool-NG esp-13.2.0_20230928) version 13.2.0 (riscv32-esp-elf)]
  ignore line: [	compiled by GNU C version 4.9.2  GMP version 6.2.1  MPFR version 4.1.0  MPC version 1.2.1  isl version isl-0.24-GMP]
  ignore line: []
  ignore line: [GGC heuristics: --param ggc-min-expand=100 --param ggc-min-heapsize=131072]
  ignore line: [ignoring duplicate directory "/home/prlx/.espressif/tools/riscv32-esp-elf/esp-13.2.0_20230928/riscv32-esp-elf/bin/../lib/gcc/../../lib/gcc/riscv32-esp-elf/13.2.0/../../../../riscv32-esp-elf/include/c++/13.2.0"]
  ignore line: [ignoring duplicate directory "/home/prlx/.espressif/tools/riscv32-esp-elf/esp-13.2.0_20230928/riscv32-esp-elf/bin/../lib/gcc/../../lib/gcc/riscv32-esp-elf/13.2.0/../../../../riscv32-esp-elf/include/c++/13.2.0/riscv32-esp-elf/rv32imc_zicsr_zifencei/ilp32"]
  ignore line: [ignoring duplicate directory "/home/prlx/.espressif/tools/riscv32-esp-elf/esp-13.2.0_20230928/riscv32-esp-elf/bin/../lib/gcc/../../lib/gcc/riscv32-esp-elf/13.2.0/../../../../riscv32-esp-elf/include/c++/13.2.0/backward"]
  ignore line: [ignoring duplicate directory "/home/prlx/.espressif/tools/riscv32-esp-elf/esp-13.2.0_20230928/riscv32-esp-elf/bin/../lib/gcc/../../lib/gcc/riscv32-esp-elf/13.2.0/include"]
  ignore line: [ignoring duplicate directory "/home/prlx/.espressif/tools/riscv32-esp-elf/esp-13.2.0_20230928/riscv32-esp-elf/bin/../lib/gcc/../../lib/gcc/riscv32-esp-elf/13.2.0/include-fixed"]
  ignore line: [ignoring duplicate directory "/home/prlx/.espressif/tools/riscv32-esp-elf/esp-13.2.0_20230928/riscv32-esp-elf/bin/../lib/gcc/../../lib/gcc/riscv32-esp-elf/13.2.0/../../../../riscv32-esp-elf/sys-include"]
  ignore line: [ignoring duplicate directory "/home/prlx/.espressif/tools/riscv32-esp-elf/esp-13.2.0_20230928/riscv32-esp-elf/bin/../lib/gcc/../../lib/gcc/riscv32-esp-elf/13.2.0/../../../../riscv32-esp-elf/include"]
  ignore line: [#include "..." search starts here:]
  ignore line: [#include <...> search starts here:]
  ignore line: [ /home/prlx/.espressif/tools/riscv32-esp-elf/esp-13.2.0_20230928/riscv32-esp-elf/bin/../lib/gcc/riscv32-esp-elf/13.2.0/../../../../riscv32-esp-elf/include/c++/13.2.0]
  ignore line: [ /home/prlx/.espressif/tools/riscv32-esp-elf/esp-13.2.0_20230928/riscv32-esp-elf/bin/../lib/gcc/riscv32-esp-elf/13.2.0/../../../../riscv32-esp-elf/include/c++/13.2.0/riscv32-esp-elf/rv32imc_zicsr_zifencei/ilp32]
  ignore line: [ /home/prlx/.espressif/tools/riscv32-esp-elf/esp-13.2.0_20230928/riscv32-esp-elf/bin/../lib/gcc/riscv32-esp-elf/13.2.0/../../../../riscv32-esp-elf/include/c++/13.2.0/backward]
  ignore line: [ /home/prlx/.espressif/tools/riscv32-esp-elf/esp-13.2.0_20230928/riscv32-esp-elf/bin/../lib/gcc/riscv32-esp-elf/13.2.0/include]
  ignore line: [ /home/prlx/.espressif/tools/riscv32-esp-elf/esp-13.2.0_20230928/riscv32-esp-elf/bin/../lib/gcc/riscv32-esp-elf/13.2.0/include-fixed]
  ignore line: [ /home/prlx/.espressif/tools/riscv32-esp-elf/esp-13.2.0_20230928/riscv32-esp-elf/bin/../lib/gcc/riscv32-esp-elf/13.2.0/../../../../riscv32-esp-elf/sys-include]
  ignore line: [ /home/prlx/.espressif/tools/riscv32-esp-elf/esp-13.2.0_20230928/riscv32-esp-elf/bin/../lib/gcc/riscv32-esp-elf/13.2.0/../../../../riscv32-esp-elf/include]
  ignore line: [End of search list.]
  ignore line: [Compiler executable checksum: 2f922d80f93cca9f059a3573788cba06]
  ignore line: [COLLECT_GCC_OPTIONS='-march=rv32imc_zicsr_zifencei' '-v' '-o' 'CMakeFiles/cmTC_75c83.dir/CMakeCXXCompilerABI.cpp.obj' '-c' '-mabi=ilp32' '-misa-spec=20191213' '-march=rv32imc_zicsr_zifencei' '-dumpdir' 'CMakeFiles/cmTC_75c83.dir/']
  ignore line: [ /home/prlx/.espressif/tools/riscv32-esp-elf/esp-13.2.0_20230928/riscv32-esp-elf/bin/../lib/gcc/riscv32-esp-elf/13.2.0/../../../../riscv32-esp-elf/bin/as -v --traditional-format -march=rv32imc_zicsr_zifencei -march=rv32imc_zicsr_zifencei -mabi=ilp32 -misa-spec=20191213 -o CMakeFiles/cmTC_75c83.dir/CMakeCXXCompilerABI.cpp.obj /tmp/ccQrjXC2.s]
  ignore line: [GNU assembler version 2.41 (riscv32-esp-elf) using BFD version (crosstool-NG esp-13.2.0_20230928) 2.41]
  ignore line: [COMPILER_PATH=/home/prlx/.espressif/tools/riscv32-esp-elf/esp-13.2.0_20230928/riscv32-esp-elf/bin/../libexec/gcc/riscv32-esp-elf/13.2.0/:/home/prlx/.espressif/tools/riscv32-esp-elf/esp-13.2.0_20230928/riscv32-esp-elf/bin/../libexec/gcc/:/home/prlx/.espressif/tools/riscv32-esp-elf/esp-13.2.0_20230928/riscv32-esp-elf/bin/../lib/gcc/riscv32-esp-elf/13.2.0/../../../../riscv32-esp-elf/bin/]
  ignore line: [LIBRARY_PATH=/home/prlx/.espressif/tools/riscv32-esp-elf/esp-13.2.0_20230928/riscv32-esp-elf/bin/../lib/gcc/riscv32-esp-elf/13.2.0/rv32imc_zicsr_zifencei/ilp32/:/home/prlx/.espressif/tools/riscv32-esp-elf/esp-13.2.0_20230928/riscv32-esp-elf/bin/../lib/gcc/riscv32-esp-elf/13.2.0/../../../../riscv32-esp-elf/lib/rv32imc_zicsr_zifencei/ilp32/:/home/prlx/.espressif/tools/riscv32-esp-elf/esp-13.2.0_20230928/riscv32-esp-elf/bin/../lib/gcc/riscv32-esp-elf/13.2.0/:/home/prlx/.espressif/tools/riscv32-esp-elf/esp-13.2.0_20230928/riscv32-esp-elf/bin/../lib/gcc/:/home/prlx/.espressif/tools/riscv32-esp-elf/esp-13.2.0_20230928/riscv32-esp-elf/bin/../lib/gcc/riscv32-esp-elf/13.2.0/../../../../riscv32-esp-elf/lib/]
  ignore line: [COLLECT_GCC_OPTIONS='-march=rv32imc_zicsr_zifencei' '-v' '-o' 'CMakeFiles/cmTC_75c83.dir/CMakeCXXCompilerABI.cpp.obj' '-c' '-mabi=ilp32' '-misa-spec=20191213' '-march=rv32imc_zicsr_zifencei' '-dumpdir' 'CMakeFiles/cmTC_75c83.dir/CMakeCXXCompilerABI.cpp.']
  ignore line: [Linking CXX executable cmTC_75c83]
  ignore line: [/usr/bin/cmake -E cmake_link_script CMakeFiles/cmTC_75c83.dir/link.txt --verbose=1]
  ignore line: [/home/prlx/.espressif/tools/riscv32-esp-elf/esp-13.2.0_20230928/riscv32-esp-elf/bin/riscv32-esp-elf-g++ -march=rv32imc_zicsr_zifencei   -nostartfiles -march=rv32imc_zicsr_zifencei --specs=nosys.specs  -v CMakeFiles/cmTC_75c83.dir/CMakeCXXCompilerABI.cpp.obj -o cmTC_75c83 ]
  ignore line: [Using built-in specs.]
  ignore line: [Reading specs from /home/prlx/.espressif/tools/riscv32-esp-elf/esp-13.2.0_20230928/riscv32-esp-elf/bin/../lib/gcc/riscv32-esp-elf/13.2.0/../../../../riscv32-esp-elf/lib/nosys.specs]
  ignore line: [rename spec link_gcc_c_sequence to nosys_link_gcc_c_sequence]
  ignore line: [COLLECT_GCC=/home/prlx/.espressif/tools/riscv32-esp-elf/esp-13.2.0_20230928/riscv32-esp-elf/bin/riscv32-esp-elf-g++]
  ignore line: [COLLECT_LTO_WRAPPER=/home/prlx/.espressif/tools/riscv32-esp-elf/esp-13.2.0_20230928/riscv32-esp-elf/bin/../libexec/gcc/riscv32-esp-elf/13.2.0/lto-wrapper]
  ignore line: [Target: riscv32-esp-elf]
  ignore line: [Configured with: /builds/idf/crosstool-NG/.build/riscv32-esp-elf/src/gcc/configure --build=x86_64-build_pc-linux-gnu --host=x86_64-build_pc-linux-gnu --target=riscv32-esp-elf --prefix=/builds/idf/crosstool-NG/builds/riscv32-esp-elf --exec_prefix=/builds/idf/crosstool-NG/builds/riscv32-esp-elf --with-local-prefix=/builds/idf/crosstool-NG/builds/riscv32-esp-elf/riscv32-esp-elf --with-headers=/builds/idf/crosstool-NG/builds/riscv32-esp-elf/riscv32-esp-elf/include --with-newlib --enable-threads=no --disable-shared --with-arch=rv32gc --with-abi=ilp32 --with-pkgversion='crosstool-NG esp-13.2.0_20230928' --disable-__cxa_atexit --enable-cxx-flags=-ffunction-sections --disable-libgomp --disable-libmudflap --disable-libmpx --disable-libssp --disable-libquadmath --disable-libquadmath-support --disable-libstdcxx-verbose --with-gmp=/builds/idf/crosstool-NG/.build/riscv32-esp-elf/buildtools --with-mpfr=/builds/idf/crosstool-NG/.build/riscv32-esp-elf/buildtools --with-mpc=/builds/idf/crosstool-NG/.build/riscv32-esp-elf/buildtools --with-isl=/builds/idf/crosstool-NG/.build/riscv32-esp-elf/buildtools --enable-lto --enable-target-optspace --without-long-double-128 --disable-nls --enable-multiarch --enable-languages=c c++ --disable-libstdcxx-verbose --enable-threads=posix --enable-gcov-custom-rtio --enable-libstdcxx-time=yes]
  ignore line: [Thread model: posix]
  ignore line: [Supported LTO compression algorithms: zlib]
  ignore line: [gcc version 13.2.0 (crosstool-NG esp-13.2.0_20230928) ]
  ignore line: [COMPILER_PATH=/home/prlx/.espressif/tools/riscv32-esp-elf/esp-13.2.0_20230928/riscv32-esp-elf/bin/../libexec/gcc/riscv32-esp-elf/13.2.0/:/home/prlx/.espressif/tools/riscv32-esp-elf/esp-13.2.0_20230928/riscv32-esp-elf/bin/../libexec/gcc/:/home/prlx/.espressif/tools/riscv32-esp-elf/esp-13.2.0_20230928/riscv32-esp-elf/bin/../lib/gcc/riscv32-esp-elf/13.2.0/../../../../riscv32-esp-elf/bin/]
  ignore line: [LIBRARY_PATH=/home/prlx/.espressif/tools/riscv32-esp-elf/esp-13.2.0_20230928/riscv32-esp-elf/bin/../lib/gcc/riscv32-esp-elf/13.2.0/rv32imc_zicsr_zifencei/ilp32/:/home/prlx/.espressif/tools/riscv32-esp-elf/esp-13.2.0_20230928/riscv32-esp-elf/bin/../lib/gcc/riscv32-esp-elf/13.2.0/../../../../riscv32-esp-elf/lib/rv32imc_zicsr_zifencei/ilp32/:/home/prlx/.espressif/tools/riscv32-esp-elf/esp-13.2.0_20230928/riscv32-esp-elf/bin/../lib/gcc/riscv32-esp-elf/13.2.0/:/home/prlx/.espressif/tools/riscv32-esp-elf/esp-13.2.0_20230928/riscv32-esp-elf/bin/../lib/gcc/:/home/prlx/.espressif/tools/riscv32-esp-elf/esp-13.2.0_20230928/riscv32-esp-elf/bin/../lib/gcc/riscv32-esp-elf/13.2.0/../../../../riscv32-esp-elf/lib/]
  ignore line: [COLLECT_GCC_OPTIONS='-nostartfiles' '-march=rv32imc_zicsr_zifencei' '-specs=nosys.specs' '-v' '-o' 'cmTC_75c83' '-mabi=ilp32' '-misa-spec=20191213' '-march=rv32imc_zicsr_zifencei' '-dumpdir' 'cmTC_75c83.']
  link line: [ /home/prlx/.espressif/tools/riscv32-esp-elf/esp-13.2.0_20230928/riscv32-esp-elf/bin/../libexec/gcc/riscv32-esp-elf/13.2.0/collect2 -plugin /home/prlx/.espressif/tools/riscv32-esp-elf/esp-13.2.0_20230928/riscv32-esp-elf/bin/../libexec/gcc/riscv32-esp-elf/13.2.0/liblto_plugin.so -plugin-opt=/home/prlx/.espressif/tools/riscv32-esp-elf/esp-13.2.0_20230928/riscv32-esp-elf/bin/../libexec/gcc/riscv32-esp-elf/13.2.0/lto-wrapper -plugin-opt=-fresolution=/tmp/ccsxhW4e.res -plugin-opt=-pass-through=-lgcc -plugin-opt=-pass-through=-lc -plugin-opt=-pass-through=-lnosys -plugin-opt=-pass-through=-lc -plugin-opt=-pass-through=-lgcc -plugin-opt=-pass-through=-lgcc -plugin-opt=-pass-through=-lc -plugin-opt=-pass-through=-lnosys -melf32lriscv -o cmTC_75c83 -L/home/prlx/.espressif/tools/riscv32-esp-elf/esp-13.2.0_20230928/riscv32-esp-elf/bin/../lib/gcc/riscv32-esp-elf/13.2.0/rv32imc_zicsr_zifencei/ilp32 -L/home/prlx/.espressif/tools/riscv32-esp-elf/esp-13.2.0_20230928/riscv32-esp-elf/bin/../lib/gcc/riscv32-esp-elf/13.2.0/../../../../riscv32-esp-elf/lib/rv32imc_zicsr_zifencei/ilp32 -L/home/prlx/.espressif/tools/riscv32-esp-elf/esp-13.2.0_20230928/riscv32-esp-elf/bin/../lib/gcc/riscv32-esp-elf/13.2.0 -L/home/prlx/.espressif/tools/riscv32-esp-elf/esp-13.2.0_20230928/riscv32-esp-elf/bin/../lib/gcc -L/home/prlx/.espressif/tools/riscv32-esp-elf/esp-13.2.0_20230928/riscv32-esp-elf/bin/../lib/gcc/riscv32-esp-elf/13.2.0/../../../../riscv32-esp-elf/lib CMakeFiles/cmTC_75c83.dir/CMakeCXXCompilerABI.cpp.obj -lstdc++ -lm -lgcc -lc -lnosys -lc -lgcc --start-group -lgcc -lc -lnosys --end-group]
    arg [/home/prlx/.espressif/tools/riscv32-esp-elf/esp-13.2.0_20230928/riscv32-esp-elf/bin/../libexec/gcc/riscv32-esp-elf/13.2.0/collect2] ==> ignore
    arg [-plugin] ==> ignore
    arg [/home/prlx/.espressif/tools/riscv32-esp-elf/esp-13.2.0_20230928/riscv32-esp-elf/bin/../libexec/gcc/riscv32-esp-elf/13.2.0/liblto_plugin.so] ==> ignore
    arg [-plugin-opt=/home/prlx/.espressif/tools/riscv32-esp-elf/esp-13.2.0_20230928/riscv32-esp-elf/bin/../libexec/gcc/riscv32-esp-elf/13.2.0/lto-wrapper] ==> ignore
    arg [-plugin-opt=-fresolution=/tmp/ccsxhW4e.res] ==> ignore
    arg [-plugin-opt=-pass-through=-lgcc] ==> ignore
    arg [-plugin-opt=-pass-through=-lc] ==> ignore
    arg [-plugin-opt=-pass-through=-lnosys] ==> ignore
    arg [-plugin-opt=-pass-through=-lc] ==> ignore
    arg [-plugin-opt=-pass-through=-lgcc] ==> ignore
    arg [-plugin-opt=-pass-through=-lgcc] ==> ignore
    arg [-plugin-opt=-pass-through=-lc] ==> ignore
    arg [-plugin-opt=-pass-through=-lnosys] ==> ignore
    arg [-melf32lriscv] ==> ignore
    arg [-o] ==> ignore
    arg [cmTC_75c83] ==> ignore
    arg [-L/home/prlx/.espressif/tools/riscv32-esp-elf/esp-13.2.0_20230928/riscv32-esp-elf/bin/../lib/gcc/riscv32-esp-elf/13.2.0/rv32imc_zicsr_zifencei/ilp32] ==> dir [/home/prlx/.espressif/tools/riscv32-esp-elf/esp-13.2.0_20230928/riscv32-esp-elf/bin/../lib/gcc/riscv32-esp-elf/13.2.0/rv32imc_zicsr_zifencei/ilp32]
    arg [-L/home/prlx/.espressif/tools/riscv32-esp-elf/esp-13.2.0_20230928/riscv32-esp-elf/bin/../lib/gcc/riscv32-esp-elf/13.2.0/../../../../riscv32-esp-elf/lib/rv32imc_zicsr_zifencei/ilp32] ==> dir [/home/prlx/.espressif/tools/riscv32-esp-elf/esp-13.2.0_20230928/riscv32-esp-elf/bin/../lib/gcc/riscv32-esp-elf/13.2.0/../../../../riscv32-esp-elf/lib/rv32imc_zicsr_zifencei/ilp32]
    arg [-L/home/prlx/.espressif/tools/riscv32-esp-elf/esp-13.2.0_20230928/riscv32-esp-elf/bin/../lib/gcc/riscv32-esp-elf/13.2.0] ==> dir [/home/prlx/.espressif/tools/riscv32-esp-elf/esp-13.2.0_20230928/riscv32-esp-elf/bin/../lib/gcc/riscv32-esp-elf/13.2.0]
    arg [-L/home/prlx/.espressif/tools/riscv32-esp-elf/esp-13.2.0_20230928/riscv32-esp-elf/bin/../lib/gcc] ==> dir [/home/prlx/.espressif/tools/riscv32-esp-elf/esp-13.2.0_20230928/riscv32-esp-elf/bin/../lib/gcc]
    arg [-L/home/prlx/.espressif/tools/riscv32-esp-elf/esp-13.2.0_20230928/riscv32-esp-elf/bin/../lib/gcc/riscv32-esp-elf/13.2.0/../../../../riscv32-esp-elf/lib] ==> dir [/home/prlx/.espressif/tools/riscv32-esp-elf/esp-13.2.0_20230928/riscv32-esp-elf/bin/../lib/gcc/riscv32-esp-elf/13.2.0/../../../../riscv32-esp-elf/lib]
    arg [CMakeFiles/cmTC_75c83.dir/CMakeCXXCompilerABI.cpp.obj] ==> ignore
    arg [-lstdc++] ==> lib [stdc++]
    arg [-lm] ==> lib [m]
    arg [-lgcc] ==> lib [gcc]
    arg [-lc] ==> lib [c]
    arg [-lnosys] ==> lib [nosys]
    arg [-lc] ==> lib [c]
    arg [-lgcc] ==> lib [gcc]
    arg [--start-group] ==> ignore
    arg [-lgcc] ==> lib [gcc]
    arg [-lc] ==> lib [c]
    arg [-lnosys] ==> lib [nosys]
    arg [--end-group] ==> ignore
  collapse library dir [/home/prlx/.espressif/tools/riscv32-esp-elf/esp-13.2.0_20230928/riscv32-esp-elf/bin/../lib/gcc/riscv32-esp-elf/13.2.0/rv32imc_zicsr_zifencei/ilp32] ==> [/home/prlx/.espressif/tools/riscv32-esp-elf/esp-13.2.0_20230928/riscv32-esp-elf/lib/gcc/riscv32-esp-elf/13.2.0/rv32imc_zicsr_zifencei/ilp32]
  collapse library dir [/home/prlx/.espressif/tools/riscv32-esp-elf/esp-13.2.0_20230928/riscv32-esp-elf/bin/../lib/gcc/riscv32-esp-elf/13.2.0/../../../../riscv32-esp-elf/lib/rv32imc_zicsr_zifencei/ilp32] ==> [/home/prlx/.espressif/tools/riscv32-esp-elf/esp-13.2.0_20230928/riscv32-esp-elf/riscv32-esp-elf/lib/rv32imc_zicsr_zifencei/ilp32]
  collapse library dir [/home/prlx/.espressif/tools/riscv32-esp-elf/esp-13.2.0_20230928/riscv32-esp-elf/bin/../lib/gcc/riscv32-esp-elf/13.2.0] ==> [/home/prlx/.espressif/tools/riscv32-esp-elf/esp-13.2.0_20230928/riscv32-esp-elf/lib/gcc/riscv32-esp-elf/13.2.0]
  collapse library dir [/home/prlx/.espressif/tools/riscv32-esp-elf/esp-13.2.0_20230928/riscv32-esp-elf/bin/../lib/gcc] ==> [/home/prlx/.espressif/tools/riscv32-esp-elf/esp-13.2.0_20230928/riscv32-esp-elf/lib/gcc]
  collapse library dir [/home/prlx/.espressif/tools/riscv32-esp-elf/esp-13.2.0_20230928/riscv32-esp-elf/bin/../lib/gcc/riscv32-esp-elf/13.2.0/../../../../riscv32-esp-elf/lib] ==> [/home/prlx/.espressif/tools/riscv32-esp-elf/esp-13.2.0_20230928/riscv32-esp-elf/riscv32-esp-elf/lib]
  implicit libs: [stdc++;m;gcc;c;nosys;c;gcc;gcc;c;nosys]
  implicit objs: []
  implicit dirs: [/home/prlx/.espressif/tools/riscv32-esp-elf/esp-13.2.0_20230928/riscv32-esp-elf/lib/gcc/riscv32-esp-elf/13.2.0/rv32imc_zicsr_zifencei/ilp32;/home/prlx/.espressif/tools/riscv32-esp-elf/esp-13.2.0_20230928/riscv32-esp-elf/riscv32-esp-elf/lib/rv32imc_zicsr_zifencei/ilp32;/home/prlx/.espressif/tools/riscv32-esp-elf/esp-13.2.0_20230928/riscv32-esp-elf/lib/gcc/riscv32-esp-elf/13.2.0;/home/prlx/.espressif/tools/riscv32-esp-elf/esp-13.2.0_20230928/riscv32-esp-elf/lib/gcc;/home/prlx/.espressif/tools/riscv32-esp-elf/esp-13.2.0_20230928/riscv32-esp-elf/riscv32-esp-elf/lib]
  implicit fwks: []


Determining if the include file sys/types.h exists passed with the following output:
Change Dir: /home/prlx/test/esp-idf/projects/blink-test/build/CMakeFiles/CMakeTmp

Run Build Command(s):/usr/bin/gmake -f Makefile cmTC_f8879/fast && /usr/bin/gmake  -f CMakeFiles/cmTC_f8879.dir/build.make CMakeFiles/cmTC_f8879.dir/build
gmake[1]: Entering directory '/home/prlx/test/esp-idf/projects/blink-test/build/CMakeFiles/CMakeTmp'
Building C object CMakeFiles/cmTC_f8879.dir/CheckIncludeFile.c.obj
/home/prlx/.espressif/tools/riscv32-esp-elf/esp-13.2.0_20230928/riscv32-esp-elf/bin/riscv32-esp-elf-gcc   -march=rv32imc_zicsr_zifencei   -o CMakeFiles/cmTC_f8879.dir/CheckIncludeFile.c.obj -c /home/prlx/test/esp-idf/projects/blink-test/build/CMakeFiles/CMakeTmp/CheckIncludeFile.c
Linking C executable cmTC_f8879
/usr/bin/cmake -E cmake_link_script CMakeFiles/cmTC_f8879.dir/link.txt --verbose=1
/home/prlx/.espressif/tools/riscv32-esp-elf/esp-13.2.0_20230928/riscv32-esp-elf/bin/riscv32-esp-elf-gcc -march=rv32imc_zicsr_zifencei   -nostartfiles -march=rv32imc_zicsr_zifencei --specs=nosys.specs   CMakeFiles/cmTC_f8879.dir/CheckIncludeFile.c.obj -o cmTC_f8879 
/home/prlx/.espressif/tools/riscv32-esp-elf/esp-13.2.0_20230928/riscv32-esp-elf/bin/../lib/gcc/riscv32-esp-elf/13.2.0/../../../../riscv32-esp-elf/bin/ld: warning: cannot find entry symbol _start; defaulting to 00010074
gmake[1]: Leaving directory '/home/prlx/test/esp-idf/projects/blink-test/build/CMakeFiles/CMakeTmp'



Determining if the include file stdint.h exists passed with the following output:
Change Dir: /home/prlx/test/esp-idf/projects/blink-test/build/CMakeFiles/CMakeTmp

Run Build Command(s):/usr/bin/gmake -f Makefile cmTC_b136b/fast && /usr/bin/gmake  -f CMakeFiles/cmTC_b136b.dir/build.make CMakeFiles/cmTC_b136b.dir/build
gmake[1]: Entering directory '/home/prlx/test/esp-idf/projects/blink-test/build/CMakeFiles/CMakeTmp'
Building C object CMakeFiles/cmTC_b136b.dir/CheckIncludeFile.c.obj
/home/prlx/.espressif/tools/riscv32-esp-elf/esp-13.2.0_20230928/riscv32-esp-elf/bin/riscv32-esp-elf-gcc   -march=rv32imc_zicsr_zifencei   -o CMakeFiles/cmTC_b136b.dir/CheckIncludeFile.c.obj -c /home/prlx/test/esp-idf/projects/blink-test/build/CMakeFiles/CMakeTmp/CheckIncludeFile.c
Linking C executable cmTC_b136b
/usr/bin/cmake -E cmake_link_script CMakeFiles/cmTC_b136b.dir/link.txt --verbose=1
/home/prlx/.espressif/tools/riscv32-esp-elf/esp-13.2.0_20230928/riscv32-esp-elf/bin/riscv32-esp-elf-gcc -march=rv32imc_zicsr_zifencei   -nostartfiles -march=rv32imc_zicsr_zifencei --specs=nosys.specs   CMakeFiles/cmTC_b136b.dir/CheckIncludeFile.c.obj -o cmTC_b136b 
/home/prlx/.espressif/tools/riscv32-esp-elf/esp-13.2.0_20230928/riscv32-esp-elf/bin/../lib/gcc/riscv32-esp-elf/13.2.0/../../../../riscv32-esp-elf/bin/ld: warning: cannot find entry symbol _start; defaulting to 00010074
gmake[1]: Leaving directory '/home/prlx/test/esp-idf/projects/blink-test/build/CMakeFiles/CMakeTmp'



Determining if the include file stddef.h exists passed with the following output:
Change Dir: /home/prlx/test/esp-idf/projects/blink-test/build/CMakeFiles/CMakeTmp

Run Build Command(s):/usr/bin/gmake -f Makefile cmTC_106ac/fast && /usr/bin/gmake  -f CMakeFiles/cmTC_106ac.dir/build.make CMakeFiles/cmTC_106ac.dir/build
gmake[1]: Entering directory '/home/prlx/test/esp-idf/projects/blink-test/build/CMakeFiles/CMakeTmp'
Building C object CMakeFiles/cmTC_106ac.dir/CheckIncludeFile.c.obj
/home/prlx/.espressif/tools/riscv32-esp-elf/esp-13.2.0_20230928/riscv32-esp-elf/bin/riscv32-esp-elf-gcc   -march=rv32imc_zicsr_zifencei   -o CMakeFiles/cmTC_106ac.dir/CheckIncludeFile.c.obj -c /home/prlx/test/esp-idf/projects/blink-test/build/CMakeFiles/CMakeTmp/CheckIncludeFile.c
Linking C executable cmTC_106ac
/usr/bin/cmake -E cmake_link_script CMakeFiles/cmTC_106ac.dir/link.txt --verbose=1
/home/prlx/.espressif/tools/riscv32-esp-elf/esp-13.2.0_20230928/riscv32-esp-elf/bin/riscv32-esp-elf-gcc -march=rv32imc_zicsr_zifencei   -nostartfiles -march=rv32imc_zicsr_zifencei --specs=nosys.specs   CMakeFiles/cmTC_106ac.dir/CheckIncludeFile.c.obj -o cmTC_106ac 
/home/prlx/.espressif/tools/riscv32-esp-elf/esp-13.2.0_20230928/riscv32-esp-elf/bin/../lib/gcc/riscv32-esp-elf/13.2.0/../../../../riscv32-esp-elf/bin/ld: warning: cannot find entry symbol _start; defaulting to 00010074
gmake[1]: Leaving directory '/home/prlx/test/esp-idf/projects/blink-test/build/CMakeFiles/CMakeTmp'



Determining size of time_t passed with the following output:
Change Dir: /home/prlx/test/esp-idf/projects/blink-test/build/CMakeFiles/CMakeTmp

Run Build Command(s):/usr/bin/gmake -f Makefile cmTC_658df/fast && /usr/bin/gmake  -f CMakeFiles/cmTC_658df.dir/build.make CMakeFiles/cmTC_658df.dir/build
gmake[1]: Entering directory '/home/prlx/test/esp-idf/projects/blink-test/build/CMakeFiles/CMakeTmp'
Building C object CMakeFiles/cmTC_658df.dir/TIME_T_SIZE.c.obj
/home/prlx/.espressif/tools/riscv32-esp-elf/esp-13.2.0_20230928/riscv32-esp-elf/bin/riscv32-esp-elf-gcc   -march=rv32imc_zicsr_zifencei   -o CMakeFiles/cmTC_658df.dir/TIME_T_SIZE.c.obj -c /home/prlx/test/esp-idf/projects/blink-test/build/CMakeFiles/CheckTypeSize/TIME_T_SIZE.c
Linking C executable cmTC_658df
/usr/bin/cmake -E cmake_link_script CMakeFiles/cmTC_658df.dir/link.txt --verbose=1
/home/prlx/.espressif/tools/riscv32-esp-elf/esp-13.2.0_20230928/riscv32-esp-elf/bin/riscv32-esp-elf-gcc -march=rv32imc_zicsr_zifencei   -nostartfiles -march=rv32imc_zicsr_zifencei --specs=nosys.specs   CMakeFiles/cmTC_658df.dir/TIME_T_SIZE.c.obj -o cmTC_658df 
/home/prlx/.espressif/tools/riscv32-esp-elf/esp-13.2.0_20230928/riscv32-esp-elf/bin/../lib/gcc/riscv32-esp-elf/13.2.0/../../../../riscv32-esp-elf/bin/ld: warning: cannot find entry symbol _start; defaulting to 00010094
gmake[1]: Leaving directory '/home/prlx/test/esp-idf/projects/blink-test/build/CMakeFiles/CMakeTmp'



Performing C SOURCE FILE Test C_COMPILER_SUPPORTS_WFORMAT_SIGNEDNESS succeeded with the following output:
Change Dir: /home/prlx/test/esp-idf/projects/blink-test/build/CMakeFiles/CMakeTmp

Run Build Command(s):/usr/bin/gmake -f Makefile cmTC_b6454/fast && /usr/bin/gmake  -f CMakeFiles/cmTC_b6454.dir/build.make CMakeFiles/cmTC_b6454.dir/build
gmake[1]: Entering directory '/home/prlx/test/esp-idf/projects/blink-test/build/CMakeFiles/CMakeTmp'
Building C object CMakeFiles/cmTC_b6454.dir/src.c.obj
/home/prlx/.espressif/tools/riscv32-esp-elf/esp-13.2.0_20230928/riscv32-esp-elf/bin/riscv32-esp-elf-gcc -DC_COMPILER_SUPPORTS_WFORMAT_SIGNEDNESS  -march=rv32imc_zicsr_zifencei  -Wall -Wextra -Wwrite-strings -Wformat=2 -Wno-format-nonliteral -Wvla -Wlogical-op -Wshadow    -Wformat-signedness -o CMakeFiles/cmTC_b6454.dir/src.c.obj -c /home/prlx/test/esp-idf/projects/blink-test/build/CMakeFiles/CMakeTmp/src.c
Linking C executable cmTC_b6454
/usr/bin/cmake -E cmake_link_script CMakeFiles/cmTC_b6454.dir/link.txt --verbose=1
/home/prlx/.espressif/tools/riscv32-esp-elf/esp-13.2.0_20230928/riscv32-esp-elf/bin/riscv32-esp-elf-gcc -march=rv32imc_zicsr_zifencei  -Wall -Wextra -Wwrite-strings -Wformat=2 -Wno-format-nonliteral -Wvla -Wlogical-op -Wshadow  -nostartfiles -march=rv32imc_zicsr_zifencei --specs=nosys.specs   CMakeFiles/cmTC_b6454.dir/src.c.obj -o cmTC_b6454 
/home/prlx/.espressif/tools/riscv32-esp-elf/esp-13.2.0_20230928/riscv32-esp-elf/bin/../lib/gcc/riscv32-esp-elf/13.2.0/../../../../riscv32-esp-elf/bin/ld: warning: cannot find entry symbol _start; defaulting to 00010074
gmake[1]: Leaving directory '/home/prlx/test/esp-idf/projects/blink-test/build/CMakeFiles/CMakeTmp'


Source file was:
int main(void) { return 0; }
